[2024-05-31 14:07:46] local.ERROR: SQLSTATE[HY000] [1049] Unknown database 'senior_link' (Connection: mysql, SQL: select table_name as `name`, (data_length + index_length) as `size`, table_comment as `comment`, engine as `engine`, table_collation as `collation` from information_schema.tables where table_schema = 'senior_link' and table_type in ('BASE TABLE', 'SYSTEM VERSIONED') order by table_name) {"exception":"[object] (Illuminate\\Database\\QueryException(code: 1049): SQLSTATE[HY000] [1049] Unknown database 'senior_link' (Connection: mysql, SQL: select table_name as `name`, (data_length + index_length) as `size`, table_comment as `comment`, engine as `engine`, table_collation as `collation` from information_schema.tables where table_schema = 'senior_link' and table_type in ('BASE TABLE', 'SYSTEM VERSIONED') order by table_name) at /home/samthegreat/Desktop/Projects/SeniorLink/seniorlink-api/vendor/illuminate/database/Connection.php:829)
[stacktrace]
#0 /home/samthegreat/Desktop/Projects/SeniorLink/seniorlink-api/vendor/illuminate/database/Connection.php(783): Illuminate\\Database\\Connection->runQueryCallback()
#1 /home/samthegreat/Desktop/Projects/SeniorLink/seniorlink-api/vendor/illuminate/database/Connection.php(414): Illuminate\\Database\\Connection->run()
#2 /home/samthegreat/Desktop/Projects/SeniorLink/seniorlink-api/vendor/illuminate/database/Connection.php(401): Illuminate\\Database\\Connection->select()
#3 /home/samthegreat/Desktop/Projects/SeniorLink/seniorlink-api/vendor/illuminate/database/Schema/MySqlBuilder.php(41): Illuminate\\Database\\Connection->selectFromWriteConnection()
#4 /home/samthegreat/Desktop/Projects/SeniorLink/seniorlink-api/vendor/illuminate/database/Schema/MySqlBuilder.php(147): Illuminate\\Database\\Schema\\MySqlBuilder->getTables()
#5 /home/samthegreat/Desktop/Projects/SeniorLink/seniorlink-api/vendor/illuminate/database/Console/WipeCommand.php(71): Illuminate\\Database\\Schema\\MySqlBuilder->dropAllTables()
#6 /home/samthegreat/Desktop/Projects/SeniorLink/seniorlink-api/vendor/illuminate/database/Console/WipeCommand.php(48): Illuminate\\Database\\Console\\WipeCommand->dropAllTables()
#7 /home/samthegreat/Desktop/Projects/SeniorLink/seniorlink-api/vendor/illuminate/container/BoundMethod.php(36): Illuminate\\Database\\Console\\WipeCommand->handle()
#8 /home/samthegreat/Desktop/Projects/SeniorLink/seniorlink-api/vendor/illuminate/container/Util.php(41): Illuminate\\Container\\BoundMethod::Illuminate\\Container\\{closure}()
#9 /home/samthegreat/Desktop/Projects/SeniorLink/seniorlink-api/vendor/illuminate/container/BoundMethod.php(93): Illuminate\\Container\\Util::unwrapIfClosure()
#10 /home/samthegreat/Desktop/Projects/SeniorLink/seniorlink-api/vendor/illuminate/container/BoundMethod.php(35): Illuminate\\Container\\BoundMethod::callBoundMethod()
#11 /home/samthegreat/Desktop/Projects/SeniorLink/seniorlink-api/vendor/illuminate/container/Container.php(662): Illuminate\\Container\\BoundMethod::call()
#12 /home/samthegreat/Desktop/Projects/SeniorLink/seniorlink-api/vendor/illuminate/console/Command.php(211): Illuminate\\Container\\Container->call()
#13 /home/samthegreat/Desktop/Projects/SeniorLink/seniorlink-api/vendor/symfony/console/Command/Command.php(326): Illuminate\\Console\\Command->execute()
#14 /home/samthegreat/Desktop/Projects/SeniorLink/seniorlink-api/vendor/illuminate/console/Command.php(180): Symfony\\Component\\Console\\Command\\Command->run()
#15 /home/samthegreat/Desktop/Projects/SeniorLink/seniorlink-api/vendor/illuminate/console/Concerns/CallsCommands.php(67): Illuminate\\Console\\Command->run()
#16 /home/samthegreat/Desktop/Projects/SeniorLink/seniorlink-api/vendor/illuminate/console/Concerns/CallsCommands.php(40): Illuminate\\Console\\Command->runCommand()
#17 /home/samthegreat/Desktop/Projects/SeniorLink/seniorlink-api/vendor/illuminate/database/Console/Migrations/FreshCommand.php(44): Illuminate\\Console\\Command->callSilent()
#18 /home/samthegreat/Desktop/Projects/SeniorLink/seniorlink-api/vendor/illuminate/console/View/Components/Task.php(37): Illuminate\\Database\\Console\\Migrations\\FreshCommand->Illuminate\\Database\\Console\\Migrations\\{closure}()
#19 /home/samthegreat/Desktop/Projects/SeniorLink/seniorlink-api/vendor/illuminate/console/View/Components/Factory.php(58): Illuminate\\Console\\View\\Components\\Task->render()
#20 /home/samthegreat/Desktop/Projects/SeniorLink/seniorlink-api/vendor/illuminate/database/Console/Migrations/FreshCommand.php(44): Illuminate\\Console\\View\\Components\\Factory->__call()
#21 /home/samthegreat/Desktop/Projects/SeniorLink/seniorlink-api/vendor/illuminate/container/BoundMethod.php(36): Illuminate\\Database\\Console\\Migrations\\FreshCommand->handle()
#22 /home/samthegreat/Desktop/Projects/SeniorLink/seniorlink-api/vendor/illuminate/container/Util.php(41): Illuminate\\Container\\BoundMethod::Illuminate\\Container\\{closure}()
#23 /home/samthegreat/Desktop/Projects/SeniorLink/seniorlink-api/vendor/illuminate/container/BoundMethod.php(93): Illuminate\\Container\\Util::unwrapIfClosure()
#24 /home/samthegreat/Desktop/Projects/SeniorLink/seniorlink-api/vendor/illuminate/container/BoundMethod.php(35): Illuminate\\Container\\BoundMethod::callBoundMethod()
#25 /home/samthegreat/Desktop/Projects/SeniorLink/seniorlink-api/vendor/illuminate/container/Container.php(662): Illuminate\\Container\\BoundMethod::call()
#26 /home/samthegreat/Desktop/Projects/SeniorLink/seniorlink-api/vendor/illuminate/console/Command.php(211): Illuminate\\Container\\Container->call()
#27 /home/samthegreat/Desktop/Projects/SeniorLink/seniorlink-api/vendor/symfony/console/Command/Command.php(326): Illuminate\\Console\\Command->execute()
#28 /home/samthegreat/Desktop/Projects/SeniorLink/seniorlink-api/vendor/illuminate/console/Command.php(180): Symfony\\Component\\Console\\Command\\Command->run()
#29 /home/samthegreat/Desktop/Projects/SeniorLink/seniorlink-api/vendor/symfony/console/Application.php(1078): Illuminate\\Console\\Command->run()
#30 /home/samthegreat/Desktop/Projects/SeniorLink/seniorlink-api/vendor/symfony/console/Application.php(324): Symfony\\Component\\Console\\Application->doRunCommand()
#31 /home/samthegreat/Desktop/Projects/SeniorLink/seniorlink-api/vendor/symfony/console/Application.php(175): Symfony\\Component\\Console\\Application->doRun()
#32 /home/samthegreat/Desktop/Projects/SeniorLink/seniorlink-api/vendor/laravel/lumen-framework/src/Console/Kernel.php(160): Symfony\\Component\\Console\\Application->run()
#33 /home/samthegreat/Desktop/Projects/SeniorLink/seniorlink-api/artisan(35): Laravel\\Lumen\\Console\\Kernel->handle()
#34 {main}

[previous exception] [object] (PDOException(code: 1049): SQLSTATE[HY000] [1049] Unknown database 'senior_link' at /home/samthegreat/Desktop/Projects/SeniorLink/seniorlink-api/vendor/illuminate/database/Connectors/Connector.php:65)
[stacktrace]
#0 /home/samthegreat/Desktop/Projects/SeniorLink/seniorlink-api/vendor/illuminate/database/Connectors/Connector.php(65): PDO->__construct()
#1 /home/samthegreat/Desktop/Projects/SeniorLink/seniorlink-api/vendor/illuminate/database/Connectors/Connector.php(44): Illuminate\\Database\\Connectors\\Connector->createPdoConnection()
#2 /home/samthegreat/Desktop/Projects/SeniorLink/seniorlink-api/vendor/illuminate/database/Connectors/MySqlConnector.php(24): Illuminate\\Database\\Connectors\\Connector->createConnection()
#3 /home/samthegreat/Desktop/Projects/SeniorLink/seniorlink-api/vendor/illuminate/database/Connectors/ConnectionFactory.php(184): Illuminate\\Database\\Connectors\\MySqlConnector->connect()
#4 [internal function]: Illuminate\\Database\\Connectors\\ConnectionFactory->Illuminate\\Database\\Connectors\\{closure}()
#5 /home/samthegreat/Desktop/Projects/SeniorLink/seniorlink-api/vendor/illuminate/database/Connection.php(1339): call_user_func()
#6 /home/samthegreat/Desktop/Projects/SeniorLink/seniorlink-api/vendor/illuminate/database/Connection.php(528): Illuminate\\Database\\Connection->getPdo()
#7 /home/samthegreat/Desktop/Projects/SeniorLink/seniorlink-api/vendor/illuminate/database/Connection.php(423): Illuminate\\Database\\Connection->getPdoForSelect()
#8 /home/samthegreat/Desktop/Projects/SeniorLink/seniorlink-api/vendor/illuminate/database/Connection.php(816): Illuminate\\Database\\Connection->Illuminate\\Database\\{closure}()
#9 /home/samthegreat/Desktop/Projects/SeniorLink/seniorlink-api/vendor/illuminate/database/Connection.php(783): Illuminate\\Database\\Connection->runQueryCallback()
#10 /home/samthegreat/Desktop/Projects/SeniorLink/seniorlink-api/vendor/illuminate/database/Connection.php(414): Illuminate\\Database\\Connection->run()
#11 /home/samthegreat/Desktop/Projects/SeniorLink/seniorlink-api/vendor/illuminate/database/Connection.php(401): Illuminate\\Database\\Connection->select()
#12 /home/samthegreat/Desktop/Projects/SeniorLink/seniorlink-api/vendor/illuminate/database/Schema/MySqlBuilder.php(41): Illuminate\\Database\\Connection->selectFromWriteConnection()
#13 /home/samthegreat/Desktop/Projects/SeniorLink/seniorlink-api/vendor/illuminate/database/Schema/MySqlBuilder.php(147): Illuminate\\Database\\Schema\\MySqlBuilder->getTables()
#14 /home/samthegreat/Desktop/Projects/SeniorLink/seniorlink-api/vendor/illuminate/database/Console/WipeCommand.php(71): Illuminate\\Database\\Schema\\MySqlBuilder->dropAllTables()
#15 /home/samthegreat/Desktop/Projects/SeniorLink/seniorlink-api/vendor/illuminate/database/Console/WipeCommand.php(48): Illuminate\\Database\\Console\\WipeCommand->dropAllTables()
#16 /home/samthegreat/Desktop/Projects/SeniorLink/seniorlink-api/vendor/illuminate/container/BoundMethod.php(36): Illuminate\\Database\\Console\\WipeCommand->handle()
#17 /home/samthegreat/Desktop/Projects/SeniorLink/seniorlink-api/vendor/illuminate/container/Util.php(41): Illuminate\\Container\\BoundMethod::Illuminate\\Container\\{closure}()
#18 /home/samthegreat/Desktop/Projects/SeniorLink/seniorlink-api/vendor/illuminate/container/BoundMethod.php(93): Illuminate\\Container\\Util::unwrapIfClosure()
#19 /home/samthegreat/Desktop/Projects/SeniorLink/seniorlink-api/vendor/illuminate/container/BoundMethod.php(35): Illuminate\\Container\\BoundMethod::callBoundMethod()
#20 /home/samthegreat/Desktop/Projects/SeniorLink/seniorlink-api/vendor/illuminate/container/Container.php(662): Illuminate\\Container\\BoundMethod::call()
#21 /home/samthegreat/Desktop/Projects/SeniorLink/seniorlink-api/vendor/illuminate/console/Command.php(211): Illuminate\\Container\\Container->call()
#22 /home/samthegreat/Desktop/Projects/SeniorLink/seniorlink-api/vendor/symfony/console/Command/Command.php(326): Illuminate\\Console\\Command->execute()
#23 /home/samthegreat/Desktop/Projects/SeniorLink/seniorlink-api/vendor/illuminate/console/Command.php(180): Symfony\\Component\\Console\\Command\\Command->run()
#24 /home/samthegreat/Desktop/Projects/SeniorLink/seniorlink-api/vendor/illuminate/console/Concerns/CallsCommands.php(67): Illuminate\\Console\\Command->run()
#25 /home/samthegreat/Desktop/Projects/SeniorLink/seniorlink-api/vendor/illuminate/console/Concerns/CallsCommands.php(40): Illuminate\\Console\\Command->runCommand()
#26 /home/samthegreat/Desktop/Projects/SeniorLink/seniorlink-api/vendor/illuminate/database/Console/Migrations/FreshCommand.php(44): Illuminate\\Console\\Command->callSilent()
#27 /home/samthegreat/Desktop/Projects/SeniorLink/seniorlink-api/vendor/illuminate/console/View/Components/Task.php(37): Illuminate\\Database\\Console\\Migrations\\FreshCommand->Illuminate\\Database\\Console\\Migrations\\{closure}()
#28 /home/samthegreat/Desktop/Projects/SeniorLink/seniorlink-api/vendor/illuminate/console/View/Components/Factory.php(58): Illuminate\\Console\\View\\Components\\Task->render()
#29 /home/samthegreat/Desktop/Projects/SeniorLink/seniorlink-api/vendor/illuminate/database/Console/Migrations/FreshCommand.php(44): Illuminate\\Console\\View\\Components\\Factory->__call()
#30 /home/samthegreat/Desktop/Projects/SeniorLink/seniorlink-api/vendor/illuminate/container/BoundMethod.php(36): Illuminate\\Database\\Console\\Migrations\\FreshCommand->handle()
#31 /home/samthegreat/Desktop/Projects/SeniorLink/seniorlink-api/vendor/illuminate/container/Util.php(41): Illuminate\\Container\\BoundMethod::Illuminate\\Container\\{closure}()
#32 /home/samthegreat/Desktop/Projects/SeniorLink/seniorlink-api/vendor/illuminate/container/BoundMethod.php(93): Illuminate\\Container\\Util::unwrapIfClosure()
#33 /home/samthegreat/Desktop/Projects/SeniorLink/seniorlink-api/vendor/illuminate/container/BoundMethod.php(35): Illuminate\\Container\\BoundMethod::callBoundMethod()
#34 /home/samthegreat/Desktop/Projects/SeniorLink/seniorlink-api/vendor/illuminate/container/Container.php(662): Illuminate\\Container\\BoundMethod::call()
#35 /home/samthegreat/Desktop/Projects/SeniorLink/seniorlink-api/vendor/illuminate/console/Command.php(211): Illuminate\\Container\\Container->call()
#36 /home/samthegreat/Desktop/Projects/SeniorLink/seniorlink-api/vendor/symfony/console/Command/Command.php(326): Illuminate\\Console\\Command->execute()
#37 /home/samthegreat/Desktop/Projects/SeniorLink/seniorlink-api/vendor/illuminate/console/Command.php(180): Symfony\\Component\\Console\\Command\\Command->run()
#38 /home/samthegreat/Desktop/Projects/SeniorLink/seniorlink-api/vendor/symfony/console/Application.php(1078): Illuminate\\Console\\Command->run()
#39 /home/samthegreat/Desktop/Projects/SeniorLink/seniorlink-api/vendor/symfony/console/Application.php(324): Symfony\\Component\\Console\\Application->doRunCommand()
#40 /home/samthegreat/Desktop/Projects/SeniorLink/seniorlink-api/vendor/symfony/console/Application.php(175): Symfony\\Component\\Console\\Application->doRun()
#41 /home/samthegreat/Desktop/Projects/SeniorLink/seniorlink-api/vendor/laravel/lumen-framework/src/Console/Kernel.php(160): Symfony\\Component\\Console\\Application->run()
#42 /home/samthegreat/Desktop/Projects/SeniorLink/seniorlink-api/artisan(35): Laravel\\Lumen\\Console\\Kernel->handle()
#43 {main}
"} 
[2024-05-31 14:16:08] local.ERROR: SQLSTATE[HY000] [1049] Unknown database 'senior_link' (Connection: mysql, SQL: select table_name as `name`, (data_length + index_length) as `size`, table_comment as `comment`, engine as `engine`, table_collation as `collation` from information_schema.tables where table_schema = 'senior_link' and table_type in ('BASE TABLE', 'SYSTEM VERSIONED') order by table_name) {"exception":"[object] (Illuminate\\Database\\QueryException(code: 1049): SQLSTATE[HY000] [1049] Unknown database 'senior_link' (Connection: mysql, SQL: select table_name as `name`, (data_length + index_length) as `size`, table_comment as `comment`, engine as `engine`, table_collation as `collation` from information_schema.tables where table_schema = 'senior_link' and table_type in ('BASE TABLE', 'SYSTEM VERSIONED') order by table_name) at /home/samthegreat/Desktop/Projects/SeniorLink/seniorlink-api/vendor/illuminate/database/Connection.php:829)
[stacktrace]
#0 /home/samthegreat/Desktop/Projects/SeniorLink/seniorlink-api/vendor/illuminate/database/Connection.php(783): Illuminate\\Database\\Connection->runQueryCallback()
#1 /home/samthegreat/Desktop/Projects/SeniorLink/seniorlink-api/vendor/illuminate/database/Connection.php(414): Illuminate\\Database\\Connection->run()
#2 /home/samthegreat/Desktop/Projects/SeniorLink/seniorlink-api/vendor/illuminate/database/Connection.php(401): Illuminate\\Database\\Connection->select()
#3 /home/samthegreat/Desktop/Projects/SeniorLink/seniorlink-api/vendor/illuminate/database/Schema/MySqlBuilder.php(41): Illuminate\\Database\\Connection->selectFromWriteConnection()
#4 /home/samthegreat/Desktop/Projects/SeniorLink/seniorlink-api/vendor/illuminate/database/Schema/MySqlBuilder.php(147): Illuminate\\Database\\Schema\\MySqlBuilder->getTables()
#5 /home/samthegreat/Desktop/Projects/SeniorLink/seniorlink-api/vendor/illuminate/database/Console/WipeCommand.php(71): Illuminate\\Database\\Schema\\MySqlBuilder->dropAllTables()
#6 /home/samthegreat/Desktop/Projects/SeniorLink/seniorlink-api/vendor/illuminate/database/Console/WipeCommand.php(48): Illuminate\\Database\\Console\\WipeCommand->dropAllTables()
#7 /home/samthegreat/Desktop/Projects/SeniorLink/seniorlink-api/vendor/illuminate/container/BoundMethod.php(36): Illuminate\\Database\\Console\\WipeCommand->handle()
#8 /home/samthegreat/Desktop/Projects/SeniorLink/seniorlink-api/vendor/illuminate/container/Util.php(41): Illuminate\\Container\\BoundMethod::Illuminate\\Container\\{closure}()
#9 /home/samthegreat/Desktop/Projects/SeniorLink/seniorlink-api/vendor/illuminate/container/BoundMethod.php(93): Illuminate\\Container\\Util::unwrapIfClosure()
#10 /home/samthegreat/Desktop/Projects/SeniorLink/seniorlink-api/vendor/illuminate/container/BoundMethod.php(35): Illuminate\\Container\\BoundMethod::callBoundMethod()
#11 /home/samthegreat/Desktop/Projects/SeniorLink/seniorlink-api/vendor/illuminate/container/Container.php(662): Illuminate\\Container\\BoundMethod::call()
#12 /home/samthegreat/Desktop/Projects/SeniorLink/seniorlink-api/vendor/illuminate/console/Command.php(211): Illuminate\\Container\\Container->call()
#13 /home/samthegreat/Desktop/Projects/SeniorLink/seniorlink-api/vendor/symfony/console/Command/Command.php(326): Illuminate\\Console\\Command->execute()
#14 /home/samthegreat/Desktop/Projects/SeniorLink/seniorlink-api/vendor/illuminate/console/Command.php(180): Symfony\\Component\\Console\\Command\\Command->run()
#15 /home/samthegreat/Desktop/Projects/SeniorLink/seniorlink-api/vendor/illuminate/console/Concerns/CallsCommands.php(67): Illuminate\\Console\\Command->run()
#16 /home/samthegreat/Desktop/Projects/SeniorLink/seniorlink-api/vendor/illuminate/console/Concerns/CallsCommands.php(40): Illuminate\\Console\\Command->runCommand()
#17 /home/samthegreat/Desktop/Projects/SeniorLink/seniorlink-api/vendor/illuminate/database/Console/Migrations/FreshCommand.php(44): Illuminate\\Console\\Command->callSilent()
#18 /home/samthegreat/Desktop/Projects/SeniorLink/seniorlink-api/vendor/illuminate/console/View/Components/Task.php(37): Illuminate\\Database\\Console\\Migrations\\FreshCommand->Illuminate\\Database\\Console\\Migrations\\{closure}()
#19 /home/samthegreat/Desktop/Projects/SeniorLink/seniorlink-api/vendor/illuminate/console/View/Components/Factory.php(58): Illuminate\\Console\\View\\Components\\Task->render()
#20 /home/samthegreat/Desktop/Projects/SeniorLink/seniorlink-api/vendor/illuminate/database/Console/Migrations/FreshCommand.php(44): Illuminate\\Console\\View\\Components\\Factory->__call()
#21 /home/samthegreat/Desktop/Projects/SeniorLink/seniorlink-api/vendor/illuminate/container/BoundMethod.php(36): Illuminate\\Database\\Console\\Migrations\\FreshCommand->handle()
#22 /home/samthegreat/Desktop/Projects/SeniorLink/seniorlink-api/vendor/illuminate/container/Util.php(41): Illuminate\\Container\\BoundMethod::Illuminate\\Container\\{closure}()
#23 /home/samthegreat/Desktop/Projects/SeniorLink/seniorlink-api/vendor/illuminate/container/BoundMethod.php(93): Illuminate\\Container\\Util::unwrapIfClosure()
#24 /home/samthegreat/Desktop/Projects/SeniorLink/seniorlink-api/vendor/illuminate/container/BoundMethod.php(35): Illuminate\\Container\\BoundMethod::callBoundMethod()
#25 /home/samthegreat/Desktop/Projects/SeniorLink/seniorlink-api/vendor/illuminate/container/Container.php(662): Illuminate\\Container\\BoundMethod::call()
#26 /home/samthegreat/Desktop/Projects/SeniorLink/seniorlink-api/vendor/illuminate/console/Command.php(211): Illuminate\\Container\\Container->call()
#27 /home/samthegreat/Desktop/Projects/SeniorLink/seniorlink-api/vendor/symfony/console/Command/Command.php(326): Illuminate\\Console\\Command->execute()
#28 /home/samthegreat/Desktop/Projects/SeniorLink/seniorlink-api/vendor/illuminate/console/Command.php(180): Symfony\\Component\\Console\\Command\\Command->run()
#29 /home/samthegreat/Desktop/Projects/SeniorLink/seniorlink-api/vendor/symfony/console/Application.php(1078): Illuminate\\Console\\Command->run()
#30 /home/samthegreat/Desktop/Projects/SeniorLink/seniorlink-api/vendor/symfony/console/Application.php(324): Symfony\\Component\\Console\\Application->doRunCommand()
#31 /home/samthegreat/Desktop/Projects/SeniorLink/seniorlink-api/vendor/symfony/console/Application.php(175): Symfony\\Component\\Console\\Application->doRun()
#32 /home/samthegreat/Desktop/Projects/SeniorLink/seniorlink-api/vendor/laravel/lumen-framework/src/Console/Kernel.php(160): Symfony\\Component\\Console\\Application->run()
#33 /home/samthegreat/Desktop/Projects/SeniorLink/seniorlink-api/artisan(35): Laravel\\Lumen\\Console\\Kernel->handle()
#34 {main}

[previous exception] [object] (PDOException(code: 1049): SQLSTATE[HY000] [1049] Unknown database 'senior_link' at /home/samthegreat/Desktop/Projects/SeniorLink/seniorlink-api/vendor/illuminate/database/Connectors/Connector.php:65)
[stacktrace]
#0 /home/samthegreat/Desktop/Projects/SeniorLink/seniorlink-api/vendor/illuminate/database/Connectors/Connector.php(65): PDO->__construct()
#1 /home/samthegreat/Desktop/Projects/SeniorLink/seniorlink-api/vendor/illuminate/database/Connectors/Connector.php(44): Illuminate\\Database\\Connectors\\Connector->createPdoConnection()
#2 /home/samthegreat/Desktop/Projects/SeniorLink/seniorlink-api/vendor/illuminate/database/Connectors/MySqlConnector.php(24): Illuminate\\Database\\Connectors\\Connector->createConnection()
#3 /home/samthegreat/Desktop/Projects/SeniorLink/seniorlink-api/vendor/illuminate/database/Connectors/ConnectionFactory.php(184): Illuminate\\Database\\Connectors\\MySqlConnector->connect()
#4 [internal function]: Illuminate\\Database\\Connectors\\ConnectionFactory->Illuminate\\Database\\Connectors\\{closure}()
#5 /home/samthegreat/Desktop/Projects/SeniorLink/seniorlink-api/vendor/illuminate/database/Connection.php(1339): call_user_func()
#6 /home/samthegreat/Desktop/Projects/SeniorLink/seniorlink-api/vendor/illuminate/database/Connection.php(528): Illuminate\\Database\\Connection->getPdo()
#7 /home/samthegreat/Desktop/Projects/SeniorLink/seniorlink-api/vendor/illuminate/database/Connection.php(423): Illuminate\\Database\\Connection->getPdoForSelect()
#8 /home/samthegreat/Desktop/Projects/SeniorLink/seniorlink-api/vendor/illuminate/database/Connection.php(816): Illuminate\\Database\\Connection->Illuminate\\Database\\{closure}()
#9 /home/samthegreat/Desktop/Projects/SeniorLink/seniorlink-api/vendor/illuminate/database/Connection.php(783): Illuminate\\Database\\Connection->runQueryCallback()
#10 /home/samthegreat/Desktop/Projects/SeniorLink/seniorlink-api/vendor/illuminate/database/Connection.php(414): Illuminate\\Database\\Connection->run()
#11 /home/samthegreat/Desktop/Projects/SeniorLink/seniorlink-api/vendor/illuminate/database/Connection.php(401): Illuminate\\Database\\Connection->select()
#12 /home/samthegreat/Desktop/Projects/SeniorLink/seniorlink-api/vendor/illuminate/database/Schema/MySqlBuilder.php(41): Illuminate\\Database\\Connection->selectFromWriteConnection()
#13 /home/samthegreat/Desktop/Projects/SeniorLink/seniorlink-api/vendor/illuminate/database/Schema/MySqlBuilder.php(147): Illuminate\\Database\\Schema\\MySqlBuilder->getTables()
#14 /home/samthegreat/Desktop/Projects/SeniorLink/seniorlink-api/vendor/illuminate/database/Console/WipeCommand.php(71): Illuminate\\Database\\Schema\\MySqlBuilder->dropAllTables()
#15 /home/samthegreat/Desktop/Projects/SeniorLink/seniorlink-api/vendor/illuminate/database/Console/WipeCommand.php(48): Illuminate\\Database\\Console\\WipeCommand->dropAllTables()
#16 /home/samthegreat/Desktop/Projects/SeniorLink/seniorlink-api/vendor/illuminate/container/BoundMethod.php(36): Illuminate\\Database\\Console\\WipeCommand->handle()
#17 /home/samthegreat/Desktop/Projects/SeniorLink/seniorlink-api/vendor/illuminate/container/Util.php(41): Illuminate\\Container\\BoundMethod::Illuminate\\Container\\{closure}()
#18 /home/samthegreat/Desktop/Projects/SeniorLink/seniorlink-api/vendor/illuminate/container/BoundMethod.php(93): Illuminate\\Container\\Util::unwrapIfClosure()
#19 /home/samthegreat/Desktop/Projects/SeniorLink/seniorlink-api/vendor/illuminate/container/BoundMethod.php(35): Illuminate\\Container\\BoundMethod::callBoundMethod()
#20 /home/samthegreat/Desktop/Projects/SeniorLink/seniorlink-api/vendor/illuminate/container/Container.php(662): Illuminate\\Container\\BoundMethod::call()
#21 /home/samthegreat/Desktop/Projects/SeniorLink/seniorlink-api/vendor/illuminate/console/Command.php(211): Illuminate\\Container\\Container->call()
#22 /home/samthegreat/Desktop/Projects/SeniorLink/seniorlink-api/vendor/symfony/console/Command/Command.php(326): Illuminate\\Console\\Command->execute()
#23 /home/samthegreat/Desktop/Projects/SeniorLink/seniorlink-api/vendor/illuminate/console/Command.php(180): Symfony\\Component\\Console\\Command\\Command->run()
#24 /home/samthegreat/Desktop/Projects/SeniorLink/seniorlink-api/vendor/illuminate/console/Concerns/CallsCommands.php(67): Illuminate\\Console\\Command->run()
#25 /home/samthegreat/Desktop/Projects/SeniorLink/seniorlink-api/vendor/illuminate/console/Concerns/CallsCommands.php(40): Illuminate\\Console\\Command->runCommand()
#26 /home/samthegreat/Desktop/Projects/SeniorLink/seniorlink-api/vendor/illuminate/database/Console/Migrations/FreshCommand.php(44): Illuminate\\Console\\Command->callSilent()
#27 /home/samthegreat/Desktop/Projects/SeniorLink/seniorlink-api/vendor/illuminate/console/View/Components/Task.php(37): Illuminate\\Database\\Console\\Migrations\\FreshCommand->Illuminate\\Database\\Console\\Migrations\\{closure}()
#28 /home/samthegreat/Desktop/Projects/SeniorLink/seniorlink-api/vendor/illuminate/console/View/Components/Factory.php(58): Illuminate\\Console\\View\\Components\\Task->render()
#29 /home/samthegreat/Desktop/Projects/SeniorLink/seniorlink-api/vendor/illuminate/database/Console/Migrations/FreshCommand.php(44): Illuminate\\Console\\View\\Components\\Factory->__call()
#30 /home/samthegreat/Desktop/Projects/SeniorLink/seniorlink-api/vendor/illuminate/container/BoundMethod.php(36): Illuminate\\Database\\Console\\Migrations\\FreshCommand->handle()
#31 /home/samthegreat/Desktop/Projects/SeniorLink/seniorlink-api/vendor/illuminate/container/Util.php(41): Illuminate\\Container\\BoundMethod::Illuminate\\Container\\{closure}()
#32 /home/samthegreat/Desktop/Projects/SeniorLink/seniorlink-api/vendor/illuminate/container/BoundMethod.php(93): Illuminate\\Container\\Util::unwrapIfClosure()
#33 /home/samthegreat/Desktop/Projects/SeniorLink/seniorlink-api/vendor/illuminate/container/BoundMethod.php(35): Illuminate\\Container\\BoundMethod::callBoundMethod()
#34 /home/samthegreat/Desktop/Projects/SeniorLink/seniorlink-api/vendor/illuminate/container/Container.php(662): Illuminate\\Container\\BoundMethod::call()
#35 /home/samthegreat/Desktop/Projects/SeniorLink/seniorlink-api/vendor/illuminate/console/Command.php(211): Illuminate\\Container\\Container->call()
#36 /home/samthegreat/Desktop/Projects/SeniorLink/seniorlink-api/vendor/symfony/console/Command/Command.php(326): Illuminate\\Console\\Command->execute()
#37 /home/samthegreat/Desktop/Projects/SeniorLink/seniorlink-api/vendor/illuminate/console/Command.php(180): Symfony\\Component\\Console\\Command\\Command->run()
#38 /home/samthegreat/Desktop/Projects/SeniorLink/seniorlink-api/vendor/symfony/console/Application.php(1078): Illuminate\\Console\\Command->run()
#39 /home/samthegreat/Desktop/Projects/SeniorLink/seniorlink-api/vendor/symfony/console/Application.php(324): Symfony\\Component\\Console\\Application->doRunCommand()
#40 /home/samthegreat/Desktop/Projects/SeniorLink/seniorlink-api/vendor/symfony/console/Application.php(175): Symfony\\Component\\Console\\Application->doRun()
#41 /home/samthegreat/Desktop/Projects/SeniorLink/seniorlink-api/vendor/laravel/lumen-framework/src/Console/Kernel.php(160): Symfony\\Component\\Console\\Application->run()
#42 /home/samthegreat/Desktop/Projects/SeniorLink/seniorlink-api/artisan(35): Laravel\\Lumen\\Console\\Kernel->handle()
#43 {main}
"} 
[2024-05-31 14:16:38] local.ERROR: SQLSTATE[HY000] [1049] Unknown database 'senior_link' (Connection: mysql, SQL: select table_name as `name`, (data_length + index_length) as `size`, table_comment as `comment`, engine as `engine`, table_collation as `collation` from information_schema.tables where table_schema = 'senior_link' and table_type in ('BASE TABLE', 'SYSTEM VERSIONED') order by table_name) {"exception":"[object] (Illuminate\\Database\\QueryException(code: 1049): SQLSTATE[HY000] [1049] Unknown database 'senior_link' (Connection: mysql, SQL: select table_name as `name`, (data_length + index_length) as `size`, table_comment as `comment`, engine as `engine`, table_collation as `collation` from information_schema.tables where table_schema = 'senior_link' and table_type in ('BASE TABLE', 'SYSTEM VERSIONED') order by table_name) at /home/samthegreat/Desktop/Projects/SeniorLink/seniorlink-api/vendor/illuminate/database/Connection.php:829)
[stacktrace]
#0 /home/samthegreat/Desktop/Projects/SeniorLink/seniorlink-api/vendor/illuminate/database/Connection.php(783): Illuminate\\Database\\Connection->runQueryCallback()
#1 /home/samthegreat/Desktop/Projects/SeniorLink/seniorlink-api/vendor/illuminate/database/Connection.php(414): Illuminate\\Database\\Connection->run()
#2 /home/samthegreat/Desktop/Projects/SeniorLink/seniorlink-api/vendor/illuminate/database/Connection.php(401): Illuminate\\Database\\Connection->select()
#3 /home/samthegreat/Desktop/Projects/SeniorLink/seniorlink-api/vendor/illuminate/database/Schema/MySqlBuilder.php(41): Illuminate\\Database\\Connection->selectFromWriteConnection()
#4 /home/samthegreat/Desktop/Projects/SeniorLink/seniorlink-api/vendor/illuminate/database/Schema/MySqlBuilder.php(147): Illuminate\\Database\\Schema\\MySqlBuilder->getTables()
#5 /home/samthegreat/Desktop/Projects/SeniorLink/seniorlink-api/vendor/illuminate/database/Console/WipeCommand.php(71): Illuminate\\Database\\Schema\\MySqlBuilder->dropAllTables()
#6 /home/samthegreat/Desktop/Projects/SeniorLink/seniorlink-api/vendor/illuminate/database/Console/WipeCommand.php(48): Illuminate\\Database\\Console\\WipeCommand->dropAllTables()
#7 /home/samthegreat/Desktop/Projects/SeniorLink/seniorlink-api/vendor/illuminate/container/BoundMethod.php(36): Illuminate\\Database\\Console\\WipeCommand->handle()
#8 /home/samthegreat/Desktop/Projects/SeniorLink/seniorlink-api/vendor/illuminate/container/Util.php(41): Illuminate\\Container\\BoundMethod::Illuminate\\Container\\{closure}()
#9 /home/samthegreat/Desktop/Projects/SeniorLink/seniorlink-api/vendor/illuminate/container/BoundMethod.php(93): Illuminate\\Container\\Util::unwrapIfClosure()
#10 /home/samthegreat/Desktop/Projects/SeniorLink/seniorlink-api/vendor/illuminate/container/BoundMethod.php(35): Illuminate\\Container\\BoundMethod::callBoundMethod()
#11 /home/samthegreat/Desktop/Projects/SeniorLink/seniorlink-api/vendor/illuminate/container/Container.php(662): Illuminate\\Container\\BoundMethod::call()
#12 /home/samthegreat/Desktop/Projects/SeniorLink/seniorlink-api/vendor/illuminate/console/Command.php(211): Illuminate\\Container\\Container->call()
#13 /home/samthegreat/Desktop/Projects/SeniorLink/seniorlink-api/vendor/symfony/console/Command/Command.php(326): Illuminate\\Console\\Command->execute()
#14 /home/samthegreat/Desktop/Projects/SeniorLink/seniorlink-api/vendor/illuminate/console/Command.php(180): Symfony\\Component\\Console\\Command\\Command->run()
#15 /home/samthegreat/Desktop/Projects/SeniorLink/seniorlink-api/vendor/illuminate/console/Concerns/CallsCommands.php(67): Illuminate\\Console\\Command->run()
#16 /home/samthegreat/Desktop/Projects/SeniorLink/seniorlink-api/vendor/illuminate/console/Concerns/CallsCommands.php(40): Illuminate\\Console\\Command->runCommand()
#17 /home/samthegreat/Desktop/Projects/SeniorLink/seniorlink-api/vendor/illuminate/database/Console/Migrations/FreshCommand.php(44): Illuminate\\Console\\Command->callSilent()
#18 /home/samthegreat/Desktop/Projects/SeniorLink/seniorlink-api/vendor/illuminate/console/View/Components/Task.php(37): Illuminate\\Database\\Console\\Migrations\\FreshCommand->Illuminate\\Database\\Console\\Migrations\\{closure}()
#19 /home/samthegreat/Desktop/Projects/SeniorLink/seniorlink-api/vendor/illuminate/console/View/Components/Factory.php(58): Illuminate\\Console\\View\\Components\\Task->render()
#20 /home/samthegreat/Desktop/Projects/SeniorLink/seniorlink-api/vendor/illuminate/database/Console/Migrations/FreshCommand.php(44): Illuminate\\Console\\View\\Components\\Factory->__call()
#21 /home/samthegreat/Desktop/Projects/SeniorLink/seniorlink-api/vendor/illuminate/container/BoundMethod.php(36): Illuminate\\Database\\Console\\Migrations\\FreshCommand->handle()
#22 /home/samthegreat/Desktop/Projects/SeniorLink/seniorlink-api/vendor/illuminate/container/Util.php(41): Illuminate\\Container\\BoundMethod::Illuminate\\Container\\{closure}()
#23 /home/samthegreat/Desktop/Projects/SeniorLink/seniorlink-api/vendor/illuminate/container/BoundMethod.php(93): Illuminate\\Container\\Util::unwrapIfClosure()
#24 /home/samthegreat/Desktop/Projects/SeniorLink/seniorlink-api/vendor/illuminate/container/BoundMethod.php(35): Illuminate\\Container\\BoundMethod::callBoundMethod()
#25 /home/samthegreat/Desktop/Projects/SeniorLink/seniorlink-api/vendor/illuminate/container/Container.php(662): Illuminate\\Container\\BoundMethod::call()
#26 /home/samthegreat/Desktop/Projects/SeniorLink/seniorlink-api/vendor/illuminate/console/Command.php(211): Illuminate\\Container\\Container->call()
#27 /home/samthegreat/Desktop/Projects/SeniorLink/seniorlink-api/vendor/symfony/console/Command/Command.php(326): Illuminate\\Console\\Command->execute()
#28 /home/samthegreat/Desktop/Projects/SeniorLink/seniorlink-api/vendor/illuminate/console/Command.php(180): Symfony\\Component\\Console\\Command\\Command->run()
#29 /home/samthegreat/Desktop/Projects/SeniorLink/seniorlink-api/vendor/symfony/console/Application.php(1078): Illuminate\\Console\\Command->run()
#30 /home/samthegreat/Desktop/Projects/SeniorLink/seniorlink-api/vendor/symfony/console/Application.php(324): Symfony\\Component\\Console\\Application->doRunCommand()
#31 /home/samthegreat/Desktop/Projects/SeniorLink/seniorlink-api/vendor/symfony/console/Application.php(175): Symfony\\Component\\Console\\Application->doRun()
#32 /home/samthegreat/Desktop/Projects/SeniorLink/seniorlink-api/vendor/laravel/lumen-framework/src/Console/Kernel.php(160): Symfony\\Component\\Console\\Application->run()
#33 /home/samthegreat/Desktop/Projects/SeniorLink/seniorlink-api/artisan(35): Laravel\\Lumen\\Console\\Kernel->handle()
#34 {main}

[previous exception] [object] (PDOException(code: 1049): SQLSTATE[HY000] [1049] Unknown database 'senior_link' at /home/samthegreat/Desktop/Projects/SeniorLink/seniorlink-api/vendor/illuminate/database/Connectors/Connector.php:65)
[stacktrace]
#0 /home/samthegreat/Desktop/Projects/SeniorLink/seniorlink-api/vendor/illuminate/database/Connectors/Connector.php(65): PDO->__construct()
#1 /home/samthegreat/Desktop/Projects/SeniorLink/seniorlink-api/vendor/illuminate/database/Connectors/Connector.php(44): Illuminate\\Database\\Connectors\\Connector->createPdoConnection()
#2 /home/samthegreat/Desktop/Projects/SeniorLink/seniorlink-api/vendor/illuminate/database/Connectors/MySqlConnector.php(24): Illuminate\\Database\\Connectors\\Connector->createConnection()
#3 /home/samthegreat/Desktop/Projects/SeniorLink/seniorlink-api/vendor/illuminate/database/Connectors/ConnectionFactory.php(184): Illuminate\\Database\\Connectors\\MySqlConnector->connect()
#4 [internal function]: Illuminate\\Database\\Connectors\\ConnectionFactory->Illuminate\\Database\\Connectors\\{closure}()
#5 /home/samthegreat/Desktop/Projects/SeniorLink/seniorlink-api/vendor/illuminate/database/Connection.php(1339): call_user_func()
#6 /home/samthegreat/Desktop/Projects/SeniorLink/seniorlink-api/vendor/illuminate/database/Connection.php(528): Illuminate\\Database\\Connection->getPdo()
#7 /home/samthegreat/Desktop/Projects/SeniorLink/seniorlink-api/vendor/illuminate/database/Connection.php(423): Illuminate\\Database\\Connection->getPdoForSelect()
#8 /home/samthegreat/Desktop/Projects/SeniorLink/seniorlink-api/vendor/illuminate/database/Connection.php(816): Illuminate\\Database\\Connection->Illuminate\\Database\\{closure}()
#9 /home/samthegreat/Desktop/Projects/SeniorLink/seniorlink-api/vendor/illuminate/database/Connection.php(783): Illuminate\\Database\\Connection->runQueryCallback()
#10 /home/samthegreat/Desktop/Projects/SeniorLink/seniorlink-api/vendor/illuminate/database/Connection.php(414): Illuminate\\Database\\Connection->run()
#11 /home/samthegreat/Desktop/Projects/SeniorLink/seniorlink-api/vendor/illuminate/database/Connection.php(401): Illuminate\\Database\\Connection->select()
#12 /home/samthegreat/Desktop/Projects/SeniorLink/seniorlink-api/vendor/illuminate/database/Schema/MySqlBuilder.php(41): Illuminate\\Database\\Connection->selectFromWriteConnection()
#13 /home/samthegreat/Desktop/Projects/SeniorLink/seniorlink-api/vendor/illuminate/database/Schema/MySqlBuilder.php(147): Illuminate\\Database\\Schema\\MySqlBuilder->getTables()
#14 /home/samthegreat/Desktop/Projects/SeniorLink/seniorlink-api/vendor/illuminate/database/Console/WipeCommand.php(71): Illuminate\\Database\\Schema\\MySqlBuilder->dropAllTables()
#15 /home/samthegreat/Desktop/Projects/SeniorLink/seniorlink-api/vendor/illuminate/database/Console/WipeCommand.php(48): Illuminate\\Database\\Console\\WipeCommand->dropAllTables()
#16 /home/samthegreat/Desktop/Projects/SeniorLink/seniorlink-api/vendor/illuminate/container/BoundMethod.php(36): Illuminate\\Database\\Console\\WipeCommand->handle()
#17 /home/samthegreat/Desktop/Projects/SeniorLink/seniorlink-api/vendor/illuminate/container/Util.php(41): Illuminate\\Container\\BoundMethod::Illuminate\\Container\\{closure}()
#18 /home/samthegreat/Desktop/Projects/SeniorLink/seniorlink-api/vendor/illuminate/container/BoundMethod.php(93): Illuminate\\Container\\Util::unwrapIfClosure()
#19 /home/samthegreat/Desktop/Projects/SeniorLink/seniorlink-api/vendor/illuminate/container/BoundMethod.php(35): Illuminate\\Container\\BoundMethod::callBoundMethod()
#20 /home/samthegreat/Desktop/Projects/SeniorLink/seniorlink-api/vendor/illuminate/container/Container.php(662): Illuminate\\Container\\BoundMethod::call()
#21 /home/samthegreat/Desktop/Projects/SeniorLink/seniorlink-api/vendor/illuminate/console/Command.php(211): Illuminate\\Container\\Container->call()
#22 /home/samthegreat/Desktop/Projects/SeniorLink/seniorlink-api/vendor/symfony/console/Command/Command.php(326): Illuminate\\Console\\Command->execute()
#23 /home/samthegreat/Desktop/Projects/SeniorLink/seniorlink-api/vendor/illuminate/console/Command.php(180): Symfony\\Component\\Console\\Command\\Command->run()
#24 /home/samthegreat/Desktop/Projects/SeniorLink/seniorlink-api/vendor/illuminate/console/Concerns/CallsCommands.php(67): Illuminate\\Console\\Command->run()
#25 /home/samthegreat/Desktop/Projects/SeniorLink/seniorlink-api/vendor/illuminate/console/Concerns/CallsCommands.php(40): Illuminate\\Console\\Command->runCommand()
#26 /home/samthegreat/Desktop/Projects/SeniorLink/seniorlink-api/vendor/illuminate/database/Console/Migrations/FreshCommand.php(44): Illuminate\\Console\\Command->callSilent()
#27 /home/samthegreat/Desktop/Projects/SeniorLink/seniorlink-api/vendor/illuminate/console/View/Components/Task.php(37): Illuminate\\Database\\Console\\Migrations\\FreshCommand->Illuminate\\Database\\Console\\Migrations\\{closure}()
#28 /home/samthegreat/Desktop/Projects/SeniorLink/seniorlink-api/vendor/illuminate/console/View/Components/Factory.php(58): Illuminate\\Console\\View\\Components\\Task->render()
#29 /home/samthegreat/Desktop/Projects/SeniorLink/seniorlink-api/vendor/illuminate/database/Console/Migrations/FreshCommand.php(44): Illuminate\\Console\\View\\Components\\Factory->__call()
#30 /home/samthegreat/Desktop/Projects/SeniorLink/seniorlink-api/vendor/illuminate/container/BoundMethod.php(36): Illuminate\\Database\\Console\\Migrations\\FreshCommand->handle()
#31 /home/samthegreat/Desktop/Projects/SeniorLink/seniorlink-api/vendor/illuminate/container/Util.php(41): Illuminate\\Container\\BoundMethod::Illuminate\\Container\\{closure}()
#32 /home/samthegreat/Desktop/Projects/SeniorLink/seniorlink-api/vendor/illuminate/container/BoundMethod.php(93): Illuminate\\Container\\Util::unwrapIfClosure()
#33 /home/samthegreat/Desktop/Projects/SeniorLink/seniorlink-api/vendor/illuminate/container/BoundMethod.php(35): Illuminate\\Container\\BoundMethod::callBoundMethod()
#34 /home/samthegreat/Desktop/Projects/SeniorLink/seniorlink-api/vendor/illuminate/container/Container.php(662): Illuminate\\Container\\BoundMethod::call()
#35 /home/samthegreat/Desktop/Projects/SeniorLink/seniorlink-api/vendor/illuminate/console/Command.php(211): Illuminate\\Container\\Container->call()
#36 /home/samthegreat/Desktop/Projects/SeniorLink/seniorlink-api/vendor/symfony/console/Command/Command.php(326): Illuminate\\Console\\Command->execute()
#37 /home/samthegreat/Desktop/Projects/SeniorLink/seniorlink-api/vendor/illuminate/console/Command.php(180): Symfony\\Component\\Console\\Command\\Command->run()
#38 /home/samthegreat/Desktop/Projects/SeniorLink/seniorlink-api/vendor/symfony/console/Application.php(1078): Illuminate\\Console\\Command->run()
#39 /home/samthegreat/Desktop/Projects/SeniorLink/seniorlink-api/vendor/symfony/console/Application.php(324): Symfony\\Component\\Console\\Application->doRunCommand()
#40 /home/samthegreat/Desktop/Projects/SeniorLink/seniorlink-api/vendor/symfony/console/Application.php(175): Symfony\\Component\\Console\\Application->doRun()
#41 /home/samthegreat/Desktop/Projects/SeniorLink/seniorlink-api/vendor/laravel/lumen-framework/src/Console/Kernel.php(160): Symfony\\Component\\Console\\Application->run()
#42 /home/samthegreat/Desktop/Projects/SeniorLink/seniorlink-api/artisan(35): Laravel\\Lumen\\Console\\Kernel->handle()
#43 {main}
"} 
[2024-05-31 14:19:19] local.ERROR: SQLSTATE[HY000] [1049] Unknown database 'senior_link' (Connection: mysql, SQL: select table_name as `name`, (data_length + index_length) as `size`, table_comment as `comment`, engine as `engine`, table_collation as `collation` from information_schema.tables where table_schema = 'senior_link' and table_type in ('BASE TABLE', 'SYSTEM VERSIONED') order by table_name) {"exception":"[object] (Illuminate\\Database\\QueryException(code: 1049): SQLSTATE[HY000] [1049] Unknown database 'senior_link' (Connection: mysql, SQL: select table_name as `name`, (data_length + index_length) as `size`, table_comment as `comment`, engine as `engine`, table_collation as `collation` from information_schema.tables where table_schema = 'senior_link' and table_type in ('BASE TABLE', 'SYSTEM VERSIONED') order by table_name) at /home/samthegreat/Desktop/Projects/SeniorLink/seniorlink-api/vendor/illuminate/database/Connection.php:829)
[stacktrace]
#0 /home/samthegreat/Desktop/Projects/SeniorLink/seniorlink-api/vendor/illuminate/database/Connection.php(783): Illuminate\\Database\\Connection->runQueryCallback()
#1 /home/samthegreat/Desktop/Projects/SeniorLink/seniorlink-api/vendor/illuminate/database/Connection.php(414): Illuminate\\Database\\Connection->run()
#2 /home/samthegreat/Desktop/Projects/SeniorLink/seniorlink-api/vendor/illuminate/database/Connection.php(401): Illuminate\\Database\\Connection->select()
#3 /home/samthegreat/Desktop/Projects/SeniorLink/seniorlink-api/vendor/illuminate/database/Schema/MySqlBuilder.php(41): Illuminate\\Database\\Connection->selectFromWriteConnection()
#4 /home/samthegreat/Desktop/Projects/SeniorLink/seniorlink-api/vendor/illuminate/database/Schema/MySqlBuilder.php(147): Illuminate\\Database\\Schema\\MySqlBuilder->getTables()
#5 /home/samthegreat/Desktop/Projects/SeniorLink/seniorlink-api/vendor/illuminate/database/Console/WipeCommand.php(71): Illuminate\\Database\\Schema\\MySqlBuilder->dropAllTables()
#6 /home/samthegreat/Desktop/Projects/SeniorLink/seniorlink-api/vendor/illuminate/database/Console/WipeCommand.php(48): Illuminate\\Database\\Console\\WipeCommand->dropAllTables()
#7 /home/samthegreat/Desktop/Projects/SeniorLink/seniorlink-api/vendor/illuminate/container/BoundMethod.php(36): Illuminate\\Database\\Console\\WipeCommand->handle()
#8 /home/samthegreat/Desktop/Projects/SeniorLink/seniorlink-api/vendor/illuminate/container/Util.php(41): Illuminate\\Container\\BoundMethod::Illuminate\\Container\\{closure}()
#9 /home/samthegreat/Desktop/Projects/SeniorLink/seniorlink-api/vendor/illuminate/container/BoundMethod.php(93): Illuminate\\Container\\Util::unwrapIfClosure()
#10 /home/samthegreat/Desktop/Projects/SeniorLink/seniorlink-api/vendor/illuminate/container/BoundMethod.php(35): Illuminate\\Container\\BoundMethod::callBoundMethod()
#11 /home/samthegreat/Desktop/Projects/SeniorLink/seniorlink-api/vendor/illuminate/container/Container.php(662): Illuminate\\Container\\BoundMethod::call()
#12 /home/samthegreat/Desktop/Projects/SeniorLink/seniorlink-api/vendor/illuminate/console/Command.php(211): Illuminate\\Container\\Container->call()
#13 /home/samthegreat/Desktop/Projects/SeniorLink/seniorlink-api/vendor/symfony/console/Command/Command.php(326): Illuminate\\Console\\Command->execute()
#14 /home/samthegreat/Desktop/Projects/SeniorLink/seniorlink-api/vendor/illuminate/console/Command.php(180): Symfony\\Component\\Console\\Command\\Command->run()
#15 /home/samthegreat/Desktop/Projects/SeniorLink/seniorlink-api/vendor/illuminate/console/Concerns/CallsCommands.php(67): Illuminate\\Console\\Command->run()
#16 /home/samthegreat/Desktop/Projects/SeniorLink/seniorlink-api/vendor/illuminate/console/Concerns/CallsCommands.php(40): Illuminate\\Console\\Command->runCommand()
#17 /home/samthegreat/Desktop/Projects/SeniorLink/seniorlink-api/vendor/illuminate/database/Console/Migrations/FreshCommand.php(44): Illuminate\\Console\\Command->callSilent()
#18 /home/samthegreat/Desktop/Projects/SeniorLink/seniorlink-api/vendor/illuminate/console/View/Components/Task.php(37): Illuminate\\Database\\Console\\Migrations\\FreshCommand->Illuminate\\Database\\Console\\Migrations\\{closure}()
#19 /home/samthegreat/Desktop/Projects/SeniorLink/seniorlink-api/vendor/illuminate/console/View/Components/Factory.php(58): Illuminate\\Console\\View\\Components\\Task->render()
#20 /home/samthegreat/Desktop/Projects/SeniorLink/seniorlink-api/vendor/illuminate/database/Console/Migrations/FreshCommand.php(44): Illuminate\\Console\\View\\Components\\Factory->__call()
#21 /home/samthegreat/Desktop/Projects/SeniorLink/seniorlink-api/vendor/illuminate/container/BoundMethod.php(36): Illuminate\\Database\\Console\\Migrations\\FreshCommand->handle()
#22 /home/samthegreat/Desktop/Projects/SeniorLink/seniorlink-api/vendor/illuminate/container/Util.php(41): Illuminate\\Container\\BoundMethod::Illuminate\\Container\\{closure}()
#23 /home/samthegreat/Desktop/Projects/SeniorLink/seniorlink-api/vendor/illuminate/container/BoundMethod.php(93): Illuminate\\Container\\Util::unwrapIfClosure()
#24 /home/samthegreat/Desktop/Projects/SeniorLink/seniorlink-api/vendor/illuminate/container/BoundMethod.php(35): Illuminate\\Container\\BoundMethod::callBoundMethod()
#25 /home/samthegreat/Desktop/Projects/SeniorLink/seniorlink-api/vendor/illuminate/container/Container.php(662): Illuminate\\Container\\BoundMethod::call()
#26 /home/samthegreat/Desktop/Projects/SeniorLink/seniorlink-api/vendor/illuminate/console/Command.php(211): Illuminate\\Container\\Container->call()
#27 /home/samthegreat/Desktop/Projects/SeniorLink/seniorlink-api/vendor/symfony/console/Command/Command.php(326): Illuminate\\Console\\Command->execute()
#28 /home/samthegreat/Desktop/Projects/SeniorLink/seniorlink-api/vendor/illuminate/console/Command.php(180): Symfony\\Component\\Console\\Command\\Command->run()
#29 /home/samthegreat/Desktop/Projects/SeniorLink/seniorlink-api/vendor/symfony/console/Application.php(1078): Illuminate\\Console\\Command->run()
#30 /home/samthegreat/Desktop/Projects/SeniorLink/seniorlink-api/vendor/symfony/console/Application.php(324): Symfony\\Component\\Console\\Application->doRunCommand()
#31 /home/samthegreat/Desktop/Projects/SeniorLink/seniorlink-api/vendor/symfony/console/Application.php(175): Symfony\\Component\\Console\\Application->doRun()
#32 /home/samthegreat/Desktop/Projects/SeniorLink/seniorlink-api/vendor/laravel/lumen-framework/src/Console/Kernel.php(160): Symfony\\Component\\Console\\Application->run()
#33 /home/samthegreat/Desktop/Projects/SeniorLink/seniorlink-api/artisan(35): Laravel\\Lumen\\Console\\Kernel->handle()
#34 {main}

[previous exception] [object] (PDOException(code: 1049): SQLSTATE[HY000] [1049] Unknown database 'senior_link' at /home/samthegreat/Desktop/Projects/SeniorLink/seniorlink-api/vendor/illuminate/database/Connectors/Connector.php:65)
[stacktrace]
#0 /home/samthegreat/Desktop/Projects/SeniorLink/seniorlink-api/vendor/illuminate/database/Connectors/Connector.php(65): PDO->__construct()
#1 /home/samthegreat/Desktop/Projects/SeniorLink/seniorlink-api/vendor/illuminate/database/Connectors/Connector.php(44): Illuminate\\Database\\Connectors\\Connector->createPdoConnection()
#2 /home/samthegreat/Desktop/Projects/SeniorLink/seniorlink-api/vendor/illuminate/database/Connectors/MySqlConnector.php(24): Illuminate\\Database\\Connectors\\Connector->createConnection()
#3 /home/samthegreat/Desktop/Projects/SeniorLink/seniorlink-api/vendor/illuminate/database/Connectors/ConnectionFactory.php(184): Illuminate\\Database\\Connectors\\MySqlConnector->connect()
#4 [internal function]: Illuminate\\Database\\Connectors\\ConnectionFactory->Illuminate\\Database\\Connectors\\{closure}()
#5 /home/samthegreat/Desktop/Projects/SeniorLink/seniorlink-api/vendor/illuminate/database/Connection.php(1339): call_user_func()
#6 /home/samthegreat/Desktop/Projects/SeniorLink/seniorlink-api/vendor/illuminate/database/Connection.php(528): Illuminate\\Database\\Connection->getPdo()
#7 /home/samthegreat/Desktop/Projects/SeniorLink/seniorlink-api/vendor/illuminate/database/Connection.php(423): Illuminate\\Database\\Connection->getPdoForSelect()
#8 /home/samthegreat/Desktop/Projects/SeniorLink/seniorlink-api/vendor/illuminate/database/Connection.php(816): Illuminate\\Database\\Connection->Illuminate\\Database\\{closure}()
#9 /home/samthegreat/Desktop/Projects/SeniorLink/seniorlink-api/vendor/illuminate/database/Connection.php(783): Illuminate\\Database\\Connection->runQueryCallback()
#10 /home/samthegreat/Desktop/Projects/SeniorLink/seniorlink-api/vendor/illuminate/database/Connection.php(414): Illuminate\\Database\\Connection->run()
#11 /home/samthegreat/Desktop/Projects/SeniorLink/seniorlink-api/vendor/illuminate/database/Connection.php(401): Illuminate\\Database\\Connection->select()
#12 /home/samthegreat/Desktop/Projects/SeniorLink/seniorlink-api/vendor/illuminate/database/Schema/MySqlBuilder.php(41): Illuminate\\Database\\Connection->selectFromWriteConnection()
#13 /home/samthegreat/Desktop/Projects/SeniorLink/seniorlink-api/vendor/illuminate/database/Schema/MySqlBuilder.php(147): Illuminate\\Database\\Schema\\MySqlBuilder->getTables()
#14 /home/samthegreat/Desktop/Projects/SeniorLink/seniorlink-api/vendor/illuminate/database/Console/WipeCommand.php(71): Illuminate\\Database\\Schema\\MySqlBuilder->dropAllTables()
#15 /home/samthegreat/Desktop/Projects/SeniorLink/seniorlink-api/vendor/illuminate/database/Console/WipeCommand.php(48): Illuminate\\Database\\Console\\WipeCommand->dropAllTables()
#16 /home/samthegreat/Desktop/Projects/SeniorLink/seniorlink-api/vendor/illuminate/container/BoundMethod.php(36): Illuminate\\Database\\Console\\WipeCommand->handle()
#17 /home/samthegreat/Desktop/Projects/SeniorLink/seniorlink-api/vendor/illuminate/container/Util.php(41): Illuminate\\Container\\BoundMethod::Illuminate\\Container\\{closure}()
#18 /home/samthegreat/Desktop/Projects/SeniorLink/seniorlink-api/vendor/illuminate/container/BoundMethod.php(93): Illuminate\\Container\\Util::unwrapIfClosure()
#19 /home/samthegreat/Desktop/Projects/SeniorLink/seniorlink-api/vendor/illuminate/container/BoundMethod.php(35): Illuminate\\Container\\BoundMethod::callBoundMethod()
#20 /home/samthegreat/Desktop/Projects/SeniorLink/seniorlink-api/vendor/illuminate/container/Container.php(662): Illuminate\\Container\\BoundMethod::call()
#21 /home/samthegreat/Desktop/Projects/SeniorLink/seniorlink-api/vendor/illuminate/console/Command.php(211): Illuminate\\Container\\Container->call()
#22 /home/samthegreat/Desktop/Projects/SeniorLink/seniorlink-api/vendor/symfony/console/Command/Command.php(326): Illuminate\\Console\\Command->execute()
#23 /home/samthegreat/Desktop/Projects/SeniorLink/seniorlink-api/vendor/illuminate/console/Command.php(180): Symfony\\Component\\Console\\Command\\Command->run()
#24 /home/samthegreat/Desktop/Projects/SeniorLink/seniorlink-api/vendor/illuminate/console/Concerns/CallsCommands.php(67): Illuminate\\Console\\Command->run()
#25 /home/samthegreat/Desktop/Projects/SeniorLink/seniorlink-api/vendor/illuminate/console/Concerns/CallsCommands.php(40): Illuminate\\Console\\Command->runCommand()
#26 /home/samthegreat/Desktop/Projects/SeniorLink/seniorlink-api/vendor/illuminate/database/Console/Migrations/FreshCommand.php(44): Illuminate\\Console\\Command->callSilent()
#27 /home/samthegreat/Desktop/Projects/SeniorLink/seniorlink-api/vendor/illuminate/console/View/Components/Task.php(37): Illuminate\\Database\\Console\\Migrations\\FreshCommand->Illuminate\\Database\\Console\\Migrations\\{closure}()
#28 /home/samthegreat/Desktop/Projects/SeniorLink/seniorlink-api/vendor/illuminate/console/View/Components/Factory.php(58): Illuminate\\Console\\View\\Components\\Task->render()
#29 /home/samthegreat/Desktop/Projects/SeniorLink/seniorlink-api/vendor/illuminate/database/Console/Migrations/FreshCommand.php(44): Illuminate\\Console\\View\\Components\\Factory->__call()
#30 /home/samthegreat/Desktop/Projects/SeniorLink/seniorlink-api/vendor/illuminate/container/BoundMethod.php(36): Illuminate\\Database\\Console\\Migrations\\FreshCommand->handle()
#31 /home/samthegreat/Desktop/Projects/SeniorLink/seniorlink-api/vendor/illuminate/container/Util.php(41): Illuminate\\Container\\BoundMethod::Illuminate\\Container\\{closure}()
#32 /home/samthegreat/Desktop/Projects/SeniorLink/seniorlink-api/vendor/illuminate/container/BoundMethod.php(93): Illuminate\\Container\\Util::unwrapIfClosure()
#33 /home/samthegreat/Desktop/Projects/SeniorLink/seniorlink-api/vendor/illuminate/container/BoundMethod.php(35): Illuminate\\Container\\BoundMethod::callBoundMethod()
#34 /home/samthegreat/Desktop/Projects/SeniorLink/seniorlink-api/vendor/illuminate/container/Container.php(662): Illuminate\\Container\\BoundMethod::call()
#35 /home/samthegreat/Desktop/Projects/SeniorLink/seniorlink-api/vendor/illuminate/console/Command.php(211): Illuminate\\Container\\Container->call()
#36 /home/samthegreat/Desktop/Projects/SeniorLink/seniorlink-api/vendor/symfony/console/Command/Command.php(326): Illuminate\\Console\\Command->execute()
#37 /home/samthegreat/Desktop/Projects/SeniorLink/seniorlink-api/vendor/illuminate/console/Command.php(180): Symfony\\Component\\Console\\Command\\Command->run()
#38 /home/samthegreat/Desktop/Projects/SeniorLink/seniorlink-api/vendor/symfony/console/Application.php(1078): Illuminate\\Console\\Command->run()
#39 /home/samthegreat/Desktop/Projects/SeniorLink/seniorlink-api/vendor/symfony/console/Application.php(324): Symfony\\Component\\Console\\Application->doRunCommand()
#40 /home/samthegreat/Desktop/Projects/SeniorLink/seniorlink-api/vendor/symfony/console/Application.php(175): Symfony\\Component\\Console\\Application->doRun()
#41 /home/samthegreat/Desktop/Projects/SeniorLink/seniorlink-api/vendor/laravel/lumen-framework/src/Console/Kernel.php(160): Symfony\\Component\\Console\\Application->run()
#42 /home/samthegreat/Desktop/Projects/SeniorLink/seniorlink-api/artisan(35): Laravel\\Lumen\\Console\\Kernel->handle()
#43 {main}
"} 
[2024-05-31 14:20:04] local.ERROR: SQLSTATE[HY000] [1049] Unknown database 'senior_link' (Connection: mysql, SQL: select table_name as `name`, (data_length + index_length) as `size`, table_comment as `comment`, engine as `engine`, table_collation as `collation` from information_schema.tables where table_schema = 'senior_link' and table_type in ('BASE TABLE', 'SYSTEM VERSIONED') order by table_name) {"exception":"[object] (Illuminate\\Database\\QueryException(code: 1049): SQLSTATE[HY000] [1049] Unknown database 'senior_link' (Connection: mysql, SQL: select table_name as `name`, (data_length + index_length) as `size`, table_comment as `comment`, engine as `engine`, table_collation as `collation` from information_schema.tables where table_schema = 'senior_link' and table_type in ('BASE TABLE', 'SYSTEM VERSIONED') order by table_name) at /home/samthegreat/Desktop/Projects/SeniorLink/seniorlink-api/vendor/illuminate/database/Connection.php:829)
[stacktrace]
#0 /home/samthegreat/Desktop/Projects/SeniorLink/seniorlink-api/vendor/illuminate/database/Connection.php(783): Illuminate\\Database\\Connection->runQueryCallback()
#1 /home/samthegreat/Desktop/Projects/SeniorLink/seniorlink-api/vendor/illuminate/database/Connection.php(414): Illuminate\\Database\\Connection->run()
#2 /home/samthegreat/Desktop/Projects/SeniorLink/seniorlink-api/vendor/illuminate/database/Connection.php(401): Illuminate\\Database\\Connection->select()
#3 /home/samthegreat/Desktop/Projects/SeniorLink/seniorlink-api/vendor/illuminate/database/Schema/MySqlBuilder.php(41): Illuminate\\Database\\Connection->selectFromWriteConnection()
#4 /home/samthegreat/Desktop/Projects/SeniorLink/seniorlink-api/vendor/illuminate/database/Schema/MySqlBuilder.php(147): Illuminate\\Database\\Schema\\MySqlBuilder->getTables()
#5 /home/samthegreat/Desktop/Projects/SeniorLink/seniorlink-api/vendor/illuminate/database/Console/WipeCommand.php(71): Illuminate\\Database\\Schema\\MySqlBuilder->dropAllTables()
#6 /home/samthegreat/Desktop/Projects/SeniorLink/seniorlink-api/vendor/illuminate/database/Console/WipeCommand.php(48): Illuminate\\Database\\Console\\WipeCommand->dropAllTables()
#7 /home/samthegreat/Desktop/Projects/SeniorLink/seniorlink-api/vendor/illuminate/container/BoundMethod.php(36): Illuminate\\Database\\Console\\WipeCommand->handle()
#8 /home/samthegreat/Desktop/Projects/SeniorLink/seniorlink-api/vendor/illuminate/container/Util.php(41): Illuminate\\Container\\BoundMethod::Illuminate\\Container\\{closure}()
#9 /home/samthegreat/Desktop/Projects/SeniorLink/seniorlink-api/vendor/illuminate/container/BoundMethod.php(93): Illuminate\\Container\\Util::unwrapIfClosure()
#10 /home/samthegreat/Desktop/Projects/SeniorLink/seniorlink-api/vendor/illuminate/container/BoundMethod.php(35): Illuminate\\Container\\BoundMethod::callBoundMethod()
#11 /home/samthegreat/Desktop/Projects/SeniorLink/seniorlink-api/vendor/illuminate/container/Container.php(662): Illuminate\\Container\\BoundMethod::call()
#12 /home/samthegreat/Desktop/Projects/SeniorLink/seniorlink-api/vendor/illuminate/console/Command.php(211): Illuminate\\Container\\Container->call()
#13 /home/samthegreat/Desktop/Projects/SeniorLink/seniorlink-api/vendor/symfony/console/Command/Command.php(326): Illuminate\\Console\\Command->execute()
#14 /home/samthegreat/Desktop/Projects/SeniorLink/seniorlink-api/vendor/illuminate/console/Command.php(180): Symfony\\Component\\Console\\Command\\Command->run()
#15 /home/samthegreat/Desktop/Projects/SeniorLink/seniorlink-api/vendor/illuminate/console/Concerns/CallsCommands.php(67): Illuminate\\Console\\Command->run()
#16 /home/samthegreat/Desktop/Projects/SeniorLink/seniorlink-api/vendor/illuminate/console/Concerns/CallsCommands.php(40): Illuminate\\Console\\Command->runCommand()
#17 /home/samthegreat/Desktop/Projects/SeniorLink/seniorlink-api/vendor/illuminate/database/Console/Migrations/FreshCommand.php(44): Illuminate\\Console\\Command->callSilent()
#18 /home/samthegreat/Desktop/Projects/SeniorLink/seniorlink-api/vendor/illuminate/console/View/Components/Task.php(37): Illuminate\\Database\\Console\\Migrations\\FreshCommand->Illuminate\\Database\\Console\\Migrations\\{closure}()
#19 /home/samthegreat/Desktop/Projects/SeniorLink/seniorlink-api/vendor/illuminate/console/View/Components/Factory.php(58): Illuminate\\Console\\View\\Components\\Task->render()
#20 /home/samthegreat/Desktop/Projects/SeniorLink/seniorlink-api/vendor/illuminate/database/Console/Migrations/FreshCommand.php(44): Illuminate\\Console\\View\\Components\\Factory->__call()
#21 /home/samthegreat/Desktop/Projects/SeniorLink/seniorlink-api/vendor/illuminate/container/BoundMethod.php(36): Illuminate\\Database\\Console\\Migrations\\FreshCommand->handle()
#22 /home/samthegreat/Desktop/Projects/SeniorLink/seniorlink-api/vendor/illuminate/container/Util.php(41): Illuminate\\Container\\BoundMethod::Illuminate\\Container\\{closure}()
#23 /home/samthegreat/Desktop/Projects/SeniorLink/seniorlink-api/vendor/illuminate/container/BoundMethod.php(93): Illuminate\\Container\\Util::unwrapIfClosure()
#24 /home/samthegreat/Desktop/Projects/SeniorLink/seniorlink-api/vendor/illuminate/container/BoundMethod.php(35): Illuminate\\Container\\BoundMethod::callBoundMethod()
#25 /home/samthegreat/Desktop/Projects/SeniorLink/seniorlink-api/vendor/illuminate/container/Container.php(662): Illuminate\\Container\\BoundMethod::call()
#26 /home/samthegreat/Desktop/Projects/SeniorLink/seniorlink-api/vendor/illuminate/console/Command.php(211): Illuminate\\Container\\Container->call()
#27 /home/samthegreat/Desktop/Projects/SeniorLink/seniorlink-api/vendor/symfony/console/Command/Command.php(326): Illuminate\\Console\\Command->execute()
#28 /home/samthegreat/Desktop/Projects/SeniorLink/seniorlink-api/vendor/illuminate/console/Command.php(180): Symfony\\Component\\Console\\Command\\Command->run()
#29 /home/samthegreat/Desktop/Projects/SeniorLink/seniorlink-api/vendor/symfony/console/Application.php(1078): Illuminate\\Console\\Command->run()
#30 /home/samthegreat/Desktop/Projects/SeniorLink/seniorlink-api/vendor/symfony/console/Application.php(324): Symfony\\Component\\Console\\Application->doRunCommand()
#31 /home/samthegreat/Desktop/Projects/SeniorLink/seniorlink-api/vendor/symfony/console/Application.php(175): Symfony\\Component\\Console\\Application->doRun()
#32 /home/samthegreat/Desktop/Projects/SeniorLink/seniorlink-api/vendor/laravel/lumen-framework/src/Console/Kernel.php(160): Symfony\\Component\\Console\\Application->run()
#33 /home/samthegreat/Desktop/Projects/SeniorLink/seniorlink-api/artisan(35): Laravel\\Lumen\\Console\\Kernel->handle()
#34 {main}

[previous exception] [object] (PDOException(code: 1049): SQLSTATE[HY000] [1049] Unknown database 'senior_link' at /home/samthegreat/Desktop/Projects/SeniorLink/seniorlink-api/vendor/illuminate/database/Connectors/Connector.php:65)
[stacktrace]
#0 /home/samthegreat/Desktop/Projects/SeniorLink/seniorlink-api/vendor/illuminate/database/Connectors/Connector.php(65): PDO->__construct()
#1 /home/samthegreat/Desktop/Projects/SeniorLink/seniorlink-api/vendor/illuminate/database/Connectors/Connector.php(44): Illuminate\\Database\\Connectors\\Connector->createPdoConnection()
#2 /home/samthegreat/Desktop/Projects/SeniorLink/seniorlink-api/vendor/illuminate/database/Connectors/MySqlConnector.php(24): Illuminate\\Database\\Connectors\\Connector->createConnection()
#3 /home/samthegreat/Desktop/Projects/SeniorLink/seniorlink-api/vendor/illuminate/database/Connectors/ConnectionFactory.php(184): Illuminate\\Database\\Connectors\\MySqlConnector->connect()
#4 [internal function]: Illuminate\\Database\\Connectors\\ConnectionFactory->Illuminate\\Database\\Connectors\\{closure}()
#5 /home/samthegreat/Desktop/Projects/SeniorLink/seniorlink-api/vendor/illuminate/database/Connection.php(1339): call_user_func()
#6 /home/samthegreat/Desktop/Projects/SeniorLink/seniorlink-api/vendor/illuminate/database/Connection.php(528): Illuminate\\Database\\Connection->getPdo()
#7 /home/samthegreat/Desktop/Projects/SeniorLink/seniorlink-api/vendor/illuminate/database/Connection.php(423): Illuminate\\Database\\Connection->getPdoForSelect()
#8 /home/samthegreat/Desktop/Projects/SeniorLink/seniorlink-api/vendor/illuminate/database/Connection.php(816): Illuminate\\Database\\Connection->Illuminate\\Database\\{closure}()
#9 /home/samthegreat/Desktop/Projects/SeniorLink/seniorlink-api/vendor/illuminate/database/Connection.php(783): Illuminate\\Database\\Connection->runQueryCallback()
#10 /home/samthegreat/Desktop/Projects/SeniorLink/seniorlink-api/vendor/illuminate/database/Connection.php(414): Illuminate\\Database\\Connection->run()
#11 /home/samthegreat/Desktop/Projects/SeniorLink/seniorlink-api/vendor/illuminate/database/Connection.php(401): Illuminate\\Database\\Connection->select()
#12 /home/samthegreat/Desktop/Projects/SeniorLink/seniorlink-api/vendor/illuminate/database/Schema/MySqlBuilder.php(41): Illuminate\\Database\\Connection->selectFromWriteConnection()
#13 /home/samthegreat/Desktop/Projects/SeniorLink/seniorlink-api/vendor/illuminate/database/Schema/MySqlBuilder.php(147): Illuminate\\Database\\Schema\\MySqlBuilder->getTables()
#14 /home/samthegreat/Desktop/Projects/SeniorLink/seniorlink-api/vendor/illuminate/database/Console/WipeCommand.php(71): Illuminate\\Database\\Schema\\MySqlBuilder->dropAllTables()
#15 /home/samthegreat/Desktop/Projects/SeniorLink/seniorlink-api/vendor/illuminate/database/Console/WipeCommand.php(48): Illuminate\\Database\\Console\\WipeCommand->dropAllTables()
#16 /home/samthegreat/Desktop/Projects/SeniorLink/seniorlink-api/vendor/illuminate/container/BoundMethod.php(36): Illuminate\\Database\\Console\\WipeCommand->handle()
#17 /home/samthegreat/Desktop/Projects/SeniorLink/seniorlink-api/vendor/illuminate/container/Util.php(41): Illuminate\\Container\\BoundMethod::Illuminate\\Container\\{closure}()
#18 /home/samthegreat/Desktop/Projects/SeniorLink/seniorlink-api/vendor/illuminate/container/BoundMethod.php(93): Illuminate\\Container\\Util::unwrapIfClosure()
#19 /home/samthegreat/Desktop/Projects/SeniorLink/seniorlink-api/vendor/illuminate/container/BoundMethod.php(35): Illuminate\\Container\\BoundMethod::callBoundMethod()
#20 /home/samthegreat/Desktop/Projects/SeniorLink/seniorlink-api/vendor/illuminate/container/Container.php(662): Illuminate\\Container\\BoundMethod::call()
#21 /home/samthegreat/Desktop/Projects/SeniorLink/seniorlink-api/vendor/illuminate/console/Command.php(211): Illuminate\\Container\\Container->call()
#22 /home/samthegreat/Desktop/Projects/SeniorLink/seniorlink-api/vendor/symfony/console/Command/Command.php(326): Illuminate\\Console\\Command->execute()
#23 /home/samthegreat/Desktop/Projects/SeniorLink/seniorlink-api/vendor/illuminate/console/Command.php(180): Symfony\\Component\\Console\\Command\\Command->run()
#24 /home/samthegreat/Desktop/Projects/SeniorLink/seniorlink-api/vendor/illuminate/console/Concerns/CallsCommands.php(67): Illuminate\\Console\\Command->run()
#25 /home/samthegreat/Desktop/Projects/SeniorLink/seniorlink-api/vendor/illuminate/console/Concerns/CallsCommands.php(40): Illuminate\\Console\\Command->runCommand()
#26 /home/samthegreat/Desktop/Projects/SeniorLink/seniorlink-api/vendor/illuminate/database/Console/Migrations/FreshCommand.php(44): Illuminate\\Console\\Command->callSilent()
#27 /home/samthegreat/Desktop/Projects/SeniorLink/seniorlink-api/vendor/illuminate/console/View/Components/Task.php(37): Illuminate\\Database\\Console\\Migrations\\FreshCommand->Illuminate\\Database\\Console\\Migrations\\{closure}()
#28 /home/samthegreat/Desktop/Projects/SeniorLink/seniorlink-api/vendor/illuminate/console/View/Components/Factory.php(58): Illuminate\\Console\\View\\Components\\Task->render()
#29 /home/samthegreat/Desktop/Projects/SeniorLink/seniorlink-api/vendor/illuminate/database/Console/Migrations/FreshCommand.php(44): Illuminate\\Console\\View\\Components\\Factory->__call()
#30 /home/samthegreat/Desktop/Projects/SeniorLink/seniorlink-api/vendor/illuminate/container/BoundMethod.php(36): Illuminate\\Database\\Console\\Migrations\\FreshCommand->handle()
#31 /home/samthegreat/Desktop/Projects/SeniorLink/seniorlink-api/vendor/illuminate/container/Util.php(41): Illuminate\\Container\\BoundMethod::Illuminate\\Container\\{closure}()
#32 /home/samthegreat/Desktop/Projects/SeniorLink/seniorlink-api/vendor/illuminate/container/BoundMethod.php(93): Illuminate\\Container\\Util::unwrapIfClosure()
#33 /home/samthegreat/Desktop/Projects/SeniorLink/seniorlink-api/vendor/illuminate/container/BoundMethod.php(35): Illuminate\\Container\\BoundMethod::callBoundMethod()
#34 /home/samthegreat/Desktop/Projects/SeniorLink/seniorlink-api/vendor/illuminate/container/Container.php(662): Illuminate\\Container\\BoundMethod::call()
#35 /home/samthegreat/Desktop/Projects/SeniorLink/seniorlink-api/vendor/illuminate/console/Command.php(211): Illuminate\\Container\\Container->call()
#36 /home/samthegreat/Desktop/Projects/SeniorLink/seniorlink-api/vendor/symfony/console/Command/Command.php(326): Illuminate\\Console\\Command->execute()
#37 /home/samthegreat/Desktop/Projects/SeniorLink/seniorlink-api/vendor/illuminate/console/Command.php(180): Symfony\\Component\\Console\\Command\\Command->run()
#38 /home/samthegreat/Desktop/Projects/SeniorLink/seniorlink-api/vendor/symfony/console/Application.php(1078): Illuminate\\Console\\Command->run()
#39 /home/samthegreat/Desktop/Projects/SeniorLink/seniorlink-api/vendor/symfony/console/Application.php(324): Symfony\\Component\\Console\\Application->doRunCommand()
#40 /home/samthegreat/Desktop/Projects/SeniorLink/seniorlink-api/vendor/symfony/console/Application.php(175): Symfony\\Component\\Console\\Application->doRun()
#41 /home/samthegreat/Desktop/Projects/SeniorLink/seniorlink-api/vendor/laravel/lumen-framework/src/Console/Kernel.php(160): Symfony\\Component\\Console\\Application->run()
#42 /home/samthegreat/Desktop/Projects/SeniorLink/seniorlink-api/artisan(35): Laravel\\Lumen\\Console\\Kernel->handle()
#43 {main}
"} 
[2024-05-31 14:20:20] local.ERROR: SQLSTATE[HY000] [1049] Unknown database 'senior_link' (Connection: mysql, SQL: create table `migrations` (`id` int unsigned not null auto_increment primary key, `migration` varchar(255) not null, `batch` int not null) default character set utf8mb4 collate 'utf8mb4_unicode_ci') {"exception":"[object] (Illuminate\\Database\\QueryException(code: 1049): SQLSTATE[HY000] [1049] Unknown database 'senior_link' (Connection: mysql, SQL: create table `migrations` (`id` int unsigned not null auto_increment primary key, `migration` varchar(255) not null, `batch` int not null) default character set utf8mb4 collate 'utf8mb4_unicode_ci') at /home/samthegreat/Desktop/Projects/SeniorLink/seniorlink-api/vendor/illuminate/database/Connection.php:829)
[stacktrace]
#0 /home/samthegreat/Desktop/Projects/SeniorLink/seniorlink-api/vendor/illuminate/database/Connection.php(783): Illuminate\\Database\\Connection->runQueryCallback()
#1 /home/samthegreat/Desktop/Projects/SeniorLink/seniorlink-api/vendor/illuminate/database/Connection.php(576): Illuminate\\Database\\Connection->run()
#2 /home/samthegreat/Desktop/Projects/SeniorLink/seniorlink-api/vendor/illuminate/database/Schema/Blueprint.php(110): Illuminate\\Database\\Connection->statement()
#3 /home/samthegreat/Desktop/Projects/SeniorLink/seniorlink-api/vendor/illuminate/database/Schema/Builder.php(602): Illuminate\\Database\\Schema\\Blueprint->build()
#4 /home/samthegreat/Desktop/Projects/SeniorLink/seniorlink-api/vendor/illuminate/database/Schema/Builder.php(456): Illuminate\\Database\\Schema\\Builder->build()
#5 /home/samthegreat/Desktop/Projects/SeniorLink/seniorlink-api/vendor/illuminate/database/Migrations/DatabaseMigrationRepository.php(165): Illuminate\\Database\\Schema\\Builder->create()
#6 /home/samthegreat/Desktop/Projects/SeniorLink/seniorlink-api/vendor/illuminate/database/Console/Migrations/InstallCommand.php(54): Illuminate\\Database\\Migrations\\DatabaseMigrationRepository->createRepository()
#7 /home/samthegreat/Desktop/Projects/SeniorLink/seniorlink-api/vendor/illuminate/container/BoundMethod.php(36): Illuminate\\Database\\Console\\Migrations\\InstallCommand->handle()
#8 /home/samthegreat/Desktop/Projects/SeniorLink/seniorlink-api/vendor/illuminate/container/Util.php(41): Illuminate\\Container\\BoundMethod::Illuminate\\Container\\{closure}()
#9 /home/samthegreat/Desktop/Projects/SeniorLink/seniorlink-api/vendor/illuminate/container/BoundMethod.php(93): Illuminate\\Container\\Util::unwrapIfClosure()
#10 /home/samthegreat/Desktop/Projects/SeniorLink/seniorlink-api/vendor/illuminate/container/BoundMethod.php(35): Illuminate\\Container\\BoundMethod::callBoundMethod()
#11 /home/samthegreat/Desktop/Projects/SeniorLink/seniorlink-api/vendor/illuminate/container/Container.php(662): Illuminate\\Container\\BoundMethod::call()
#12 /home/samthegreat/Desktop/Projects/SeniorLink/seniorlink-api/vendor/illuminate/console/Command.php(211): Illuminate\\Container\\Container->call()
#13 /home/samthegreat/Desktop/Projects/SeniorLink/seniorlink-api/vendor/symfony/console/Command/Command.php(326): Illuminate\\Console\\Command->execute()
#14 /home/samthegreat/Desktop/Projects/SeniorLink/seniorlink-api/vendor/illuminate/console/Command.php(180): Symfony\\Component\\Console\\Command\\Command->run()
#15 /home/samthegreat/Desktop/Projects/SeniorLink/seniorlink-api/vendor/symfony/console/Application.php(1078): Illuminate\\Console\\Command->run()
#16 /home/samthegreat/Desktop/Projects/SeniorLink/seniorlink-api/vendor/symfony/console/Application.php(324): Symfony\\Component\\Console\\Application->doRunCommand()
#17 /home/samthegreat/Desktop/Projects/SeniorLink/seniorlink-api/vendor/symfony/console/Application.php(175): Symfony\\Component\\Console\\Application->doRun()
#18 /home/samthegreat/Desktop/Projects/SeniorLink/seniorlink-api/vendor/laravel/lumen-framework/src/Console/Kernel.php(160): Symfony\\Component\\Console\\Application->run()
#19 /home/samthegreat/Desktop/Projects/SeniorLink/seniorlink-api/artisan(35): Laravel\\Lumen\\Console\\Kernel->handle()
#20 {main}

[previous exception] [object] (PDOException(code: 1049): SQLSTATE[HY000] [1049] Unknown database 'senior_link' at /home/samthegreat/Desktop/Projects/SeniorLink/seniorlink-api/vendor/illuminate/database/Connectors/Connector.php:65)
[stacktrace]
#0 /home/samthegreat/Desktop/Projects/SeniorLink/seniorlink-api/vendor/illuminate/database/Connectors/Connector.php(65): PDO->__construct()
#1 /home/samthegreat/Desktop/Projects/SeniorLink/seniorlink-api/vendor/illuminate/database/Connectors/Connector.php(44): Illuminate\\Database\\Connectors\\Connector->createPdoConnection()
#2 /home/samthegreat/Desktop/Projects/SeniorLink/seniorlink-api/vendor/illuminate/database/Connectors/MySqlConnector.php(24): Illuminate\\Database\\Connectors\\Connector->createConnection()
#3 /home/samthegreat/Desktop/Projects/SeniorLink/seniorlink-api/vendor/illuminate/database/Connectors/ConnectionFactory.php(184): Illuminate\\Database\\Connectors\\MySqlConnector->connect()
#4 [internal function]: Illuminate\\Database\\Connectors\\ConnectionFactory->Illuminate\\Database\\Connectors\\{closure}()
#5 /home/samthegreat/Desktop/Projects/SeniorLink/seniorlink-api/vendor/illuminate/database/Connection.php(1339): call_user_func()
#6 /home/samthegreat/Desktop/Projects/SeniorLink/seniorlink-api/vendor/illuminate/database/Connection.php(581): Illuminate\\Database\\Connection->getPdo()
#7 /home/samthegreat/Desktop/Projects/SeniorLink/seniorlink-api/vendor/illuminate/database/Connection.php(816): Illuminate\\Database\\Connection->Illuminate\\Database\\{closure}()
#8 /home/samthegreat/Desktop/Projects/SeniorLink/seniorlink-api/vendor/illuminate/database/Connection.php(783): Illuminate\\Database\\Connection->runQueryCallback()
#9 /home/samthegreat/Desktop/Projects/SeniorLink/seniorlink-api/vendor/illuminate/database/Connection.php(576): Illuminate\\Database\\Connection->run()
#10 /home/samthegreat/Desktop/Projects/SeniorLink/seniorlink-api/vendor/illuminate/database/Schema/Blueprint.php(110): Illuminate\\Database\\Connection->statement()
#11 /home/samthegreat/Desktop/Projects/SeniorLink/seniorlink-api/vendor/illuminate/database/Schema/Builder.php(602): Illuminate\\Database\\Schema\\Blueprint->build()
#12 /home/samthegreat/Desktop/Projects/SeniorLink/seniorlink-api/vendor/illuminate/database/Schema/Builder.php(456): Illuminate\\Database\\Schema\\Builder->build()
#13 /home/samthegreat/Desktop/Projects/SeniorLink/seniorlink-api/vendor/illuminate/database/Migrations/DatabaseMigrationRepository.php(165): Illuminate\\Database\\Schema\\Builder->create()
#14 /home/samthegreat/Desktop/Projects/SeniorLink/seniorlink-api/vendor/illuminate/database/Console/Migrations/InstallCommand.php(54): Illuminate\\Database\\Migrations\\DatabaseMigrationRepository->createRepository()
#15 /home/samthegreat/Desktop/Projects/SeniorLink/seniorlink-api/vendor/illuminate/container/BoundMethod.php(36): Illuminate\\Database\\Console\\Migrations\\InstallCommand->handle()
#16 /home/samthegreat/Desktop/Projects/SeniorLink/seniorlink-api/vendor/illuminate/container/Util.php(41): Illuminate\\Container\\BoundMethod::Illuminate\\Container\\{closure}()
#17 /home/samthegreat/Desktop/Projects/SeniorLink/seniorlink-api/vendor/illuminate/container/BoundMethod.php(93): Illuminate\\Container\\Util::unwrapIfClosure()
#18 /home/samthegreat/Desktop/Projects/SeniorLink/seniorlink-api/vendor/illuminate/container/BoundMethod.php(35): Illuminate\\Container\\BoundMethod::callBoundMethod()
#19 /home/samthegreat/Desktop/Projects/SeniorLink/seniorlink-api/vendor/illuminate/container/Container.php(662): Illuminate\\Container\\BoundMethod::call()
#20 /home/samthegreat/Desktop/Projects/SeniorLink/seniorlink-api/vendor/illuminate/console/Command.php(211): Illuminate\\Container\\Container->call()
#21 /home/samthegreat/Desktop/Projects/SeniorLink/seniorlink-api/vendor/symfony/console/Command/Command.php(326): Illuminate\\Console\\Command->execute()
#22 /home/samthegreat/Desktop/Projects/SeniorLink/seniorlink-api/vendor/illuminate/console/Command.php(180): Symfony\\Component\\Console\\Command\\Command->run()
#23 /home/samthegreat/Desktop/Projects/SeniorLink/seniorlink-api/vendor/symfony/console/Application.php(1078): Illuminate\\Console\\Command->run()
#24 /home/samthegreat/Desktop/Projects/SeniorLink/seniorlink-api/vendor/symfony/console/Application.php(324): Symfony\\Component\\Console\\Application->doRunCommand()
#25 /home/samthegreat/Desktop/Projects/SeniorLink/seniorlink-api/vendor/symfony/console/Application.php(175): Symfony\\Component\\Console\\Application->doRun()
#26 /home/samthegreat/Desktop/Projects/SeniorLink/seniorlink-api/vendor/laravel/lumen-framework/src/Console/Kernel.php(160): Symfony\\Component\\Console\\Application->run()
#27 /home/samthegreat/Desktop/Projects/SeniorLink/seniorlink-api/artisan(35): Laravel\\Lumen\\Console\\Kernel->handle()
#28 {main}
"} 
[2024-05-31 14:21:04] local.ERROR: Class "DOMDocument" not found {"exception":"[object] (Error(code: 0): Class \"DOMDocument\" not found at /home/samthegreat/Desktop/Projects/SeniorLink/seniorlink-api/vendor/nunomaduro/termwind/src/HtmlRenderer.php:32)
[stacktrace]
#0 /home/samthegreat/Desktop/Projects/SeniorLink/seniorlink-api/vendor/nunomaduro/termwind/src/HtmlRenderer.php(24): Termwind\\HtmlRenderer->parse()
#1 /home/samthegreat/Desktop/Projects/SeniorLink/seniorlink-api/vendor/nunomaduro/termwind/src/Functions.php(41): Termwind\\HtmlRenderer->render()
#2 /home/samthegreat/Desktop/Projects/SeniorLink/seniorlink-api/vendor/illuminate/console/View/Components/Component.php(52): Termwind\\render()
#3 /home/samthegreat/Desktop/Projects/SeniorLink/seniorlink-api/vendor/illuminate/console/View/Components/Line.php(49): Illuminate\\Console\\View\\Components\\Component->renderView()
#4 /home/samthegreat/Desktop/Projects/SeniorLink/seniorlink-api/vendor/illuminate/console/View/Components/Info.php(18): Illuminate\\Console\\View\\Components\\Line->render()
#5 /home/samthegreat/Desktop/Projects/SeniorLink/seniorlink-api/vendor/illuminate/console/View/Components/Factory.php(58): Illuminate\\Console\\View\\Components\\Info->render()
#6 /home/samthegreat/Desktop/Projects/SeniorLink/seniorlink-api/vendor/illuminate/database/Console/WipeCommand.php(50): Illuminate\\Console\\View\\Components\\Factory->__call()
#7 /home/samthegreat/Desktop/Projects/SeniorLink/seniorlink-api/vendor/illuminate/container/BoundMethod.php(36): Illuminate\\Database\\Console\\WipeCommand->handle()
#8 /home/samthegreat/Desktop/Projects/SeniorLink/seniorlink-api/vendor/illuminate/container/Util.php(41): Illuminate\\Container\\BoundMethod::Illuminate\\Container\\{closure}()
#9 /home/samthegreat/Desktop/Projects/SeniorLink/seniorlink-api/vendor/illuminate/container/BoundMethod.php(93): Illuminate\\Container\\Util::unwrapIfClosure()
#10 /home/samthegreat/Desktop/Projects/SeniorLink/seniorlink-api/vendor/illuminate/container/BoundMethod.php(35): Illuminate\\Container\\BoundMethod::callBoundMethod()
#11 /home/samthegreat/Desktop/Projects/SeniorLink/seniorlink-api/vendor/illuminate/container/Container.php(662): Illuminate\\Container\\BoundMethod::call()
#12 /home/samthegreat/Desktop/Projects/SeniorLink/seniorlink-api/vendor/illuminate/console/Command.php(211): Illuminate\\Container\\Container->call()
#13 /home/samthegreat/Desktop/Projects/SeniorLink/seniorlink-api/vendor/symfony/console/Command/Command.php(326): Illuminate\\Console\\Command->execute()
#14 /home/samthegreat/Desktop/Projects/SeniorLink/seniorlink-api/vendor/illuminate/console/Command.php(180): Symfony\\Component\\Console\\Command\\Command->run()
#15 /home/samthegreat/Desktop/Projects/SeniorLink/seniorlink-api/vendor/illuminate/console/Concerns/CallsCommands.php(67): Illuminate\\Console\\Command->run()
#16 /home/samthegreat/Desktop/Projects/SeniorLink/seniorlink-api/vendor/illuminate/console/Concerns/CallsCommands.php(40): Illuminate\\Console\\Command->runCommand()
#17 /home/samthegreat/Desktop/Projects/SeniorLink/seniorlink-api/vendor/illuminate/database/Console/Migrations/FreshCommand.php(44): Illuminate\\Console\\Command->callSilent()
#18 /home/samthegreat/Desktop/Projects/SeniorLink/seniorlink-api/vendor/illuminate/console/View/Components/Task.php(37): Illuminate\\Database\\Console\\Migrations\\FreshCommand->Illuminate\\Database\\Console\\Migrations\\{closure}()
#19 /home/samthegreat/Desktop/Projects/SeniorLink/seniorlink-api/vendor/illuminate/console/View/Components/Factory.php(58): Illuminate\\Console\\View\\Components\\Task->render()
#20 /home/samthegreat/Desktop/Projects/SeniorLink/seniorlink-api/vendor/illuminate/database/Console/Migrations/FreshCommand.php(44): Illuminate\\Console\\View\\Components\\Factory->__call()
#21 /home/samthegreat/Desktop/Projects/SeniorLink/seniorlink-api/vendor/illuminate/container/BoundMethod.php(36): Illuminate\\Database\\Console\\Migrations\\FreshCommand->handle()
#22 /home/samthegreat/Desktop/Projects/SeniorLink/seniorlink-api/vendor/illuminate/container/Util.php(41): Illuminate\\Container\\BoundMethod::Illuminate\\Container\\{closure}()
#23 /home/samthegreat/Desktop/Projects/SeniorLink/seniorlink-api/vendor/illuminate/container/BoundMethod.php(93): Illuminate\\Container\\Util::unwrapIfClosure()
#24 /home/samthegreat/Desktop/Projects/SeniorLink/seniorlink-api/vendor/illuminate/container/BoundMethod.php(35): Illuminate\\Container\\BoundMethod::callBoundMethod()
#25 /home/samthegreat/Desktop/Projects/SeniorLink/seniorlink-api/vendor/illuminate/container/Container.php(662): Illuminate\\Container\\BoundMethod::call()
#26 /home/samthegreat/Desktop/Projects/SeniorLink/seniorlink-api/vendor/illuminate/console/Command.php(211): Illuminate\\Container\\Container->call()
#27 /home/samthegreat/Desktop/Projects/SeniorLink/seniorlink-api/vendor/symfony/console/Command/Command.php(326): Illuminate\\Console\\Command->execute()
#28 /home/samthegreat/Desktop/Projects/SeniorLink/seniorlink-api/vendor/illuminate/console/Command.php(180): Symfony\\Component\\Console\\Command\\Command->run()
#29 /home/samthegreat/Desktop/Projects/SeniorLink/seniorlink-api/vendor/symfony/console/Application.php(1078): Illuminate\\Console\\Command->run()
#30 /home/samthegreat/Desktop/Projects/SeniorLink/seniorlink-api/vendor/symfony/console/Application.php(324): Symfony\\Component\\Console\\Application->doRunCommand()
#31 /home/samthegreat/Desktop/Projects/SeniorLink/seniorlink-api/vendor/symfony/console/Application.php(175): Symfony\\Component\\Console\\Application->doRun()
#32 /home/samthegreat/Desktop/Projects/SeniorLink/seniorlink-api/vendor/laravel/lumen-framework/src/Console/Kernel.php(160): Symfony\\Component\\Console\\Application->run()
#33 /home/samthegreat/Desktop/Projects/SeniorLink/seniorlink-api/artisan(35): Laravel\\Lumen\\Console\\Kernel->handle()
#34 {main}
"} 
[2024-05-31 14:21:14] local.ERROR: Class "DOMDocument" not found {"exception":"[object] (Error(code: 0): Class \"DOMDocument\" not found at /home/samthegreat/Desktop/Projects/SeniorLink/seniorlink-api/vendor/nunomaduro/termwind/src/HtmlRenderer.php:32)
[stacktrace]
#0 /home/samthegreat/Desktop/Projects/SeniorLink/seniorlink-api/vendor/nunomaduro/termwind/src/HtmlRenderer.php(24): Termwind\\HtmlRenderer->parse()
#1 /home/samthegreat/Desktop/Projects/SeniorLink/seniorlink-api/vendor/nunomaduro/termwind/src/Functions.php(41): Termwind\\HtmlRenderer->render()
#2 /home/samthegreat/Desktop/Projects/SeniorLink/seniorlink-api/vendor/illuminate/console/View/Components/Component.php(52): Termwind\\render()
#3 /home/samthegreat/Desktop/Projects/SeniorLink/seniorlink-api/vendor/illuminate/console/View/Components/Line.php(49): Illuminate\\Console\\View\\Components\\Component->renderView()
#4 /home/samthegreat/Desktop/Projects/SeniorLink/seniorlink-api/vendor/illuminate/console/View/Components/Info.php(18): Illuminate\\Console\\View\\Components\\Line->render()
#5 /home/samthegreat/Desktop/Projects/SeniorLink/seniorlink-api/vendor/illuminate/console/View/Components/Factory.php(58): Illuminate\\Console\\View\\Components\\Info->render()
#6 /home/samthegreat/Desktop/Projects/SeniorLink/seniorlink-api/vendor/illuminate/database/Console/Migrations/InstallCommand.php(56): Illuminate\\Console\\View\\Components\\Factory->__call()
#7 /home/samthegreat/Desktop/Projects/SeniorLink/seniorlink-api/vendor/illuminate/container/BoundMethod.php(36): Illuminate\\Database\\Console\\Migrations\\InstallCommand->handle()
#8 /home/samthegreat/Desktop/Projects/SeniorLink/seniorlink-api/vendor/illuminate/container/Util.php(41): Illuminate\\Container\\BoundMethod::Illuminate\\Container\\{closure}()
#9 /home/samthegreat/Desktop/Projects/SeniorLink/seniorlink-api/vendor/illuminate/container/BoundMethod.php(93): Illuminate\\Container\\Util::unwrapIfClosure()
#10 /home/samthegreat/Desktop/Projects/SeniorLink/seniorlink-api/vendor/illuminate/container/BoundMethod.php(35): Illuminate\\Container\\BoundMethod::callBoundMethod()
#11 /home/samthegreat/Desktop/Projects/SeniorLink/seniorlink-api/vendor/illuminate/container/Container.php(662): Illuminate\\Container\\BoundMethod::call()
#12 /home/samthegreat/Desktop/Projects/SeniorLink/seniorlink-api/vendor/illuminate/console/Command.php(211): Illuminate\\Container\\Container->call()
#13 /home/samthegreat/Desktop/Projects/SeniorLink/seniorlink-api/vendor/symfony/console/Command/Command.php(326): Illuminate\\Console\\Command->execute()
#14 /home/samthegreat/Desktop/Projects/SeniorLink/seniorlink-api/vendor/illuminate/console/Command.php(180): Symfony\\Component\\Console\\Command\\Command->run()
#15 /home/samthegreat/Desktop/Projects/SeniorLink/seniorlink-api/vendor/symfony/console/Application.php(1078): Illuminate\\Console\\Command->run()
#16 /home/samthegreat/Desktop/Projects/SeniorLink/seniorlink-api/vendor/symfony/console/Application.php(324): Symfony\\Component\\Console\\Application->doRunCommand()
#17 /home/samthegreat/Desktop/Projects/SeniorLink/seniorlink-api/vendor/symfony/console/Application.php(175): Symfony\\Component\\Console\\Application->doRun()
#18 /home/samthegreat/Desktop/Projects/SeniorLink/seniorlink-api/vendor/laravel/lumen-framework/src/Console/Kernel.php(160): Symfony\\Component\\Console\\Application->run()
#19 /home/samthegreat/Desktop/Projects/SeniorLink/seniorlink-api/artisan(35): Laravel\\Lumen\\Console\\Kernel->handle()
#20 {main}
"} 
[2024-05-31 14:23:30] local.ERROR: SQLSTATE[42S01]: Base table or view already exists: 1050 Table 'migrations' already exists (Connection: mysql, SQL: create table `migrations` (`id` int unsigned not null auto_increment primary key, `migration` varchar(255) not null, `batch` int not null) default character set utf8mb4 collate 'utf8mb4_unicode_ci') {"exception":"[object] (Illuminate\\Database\\QueryException(code: 42S01): SQLSTATE[42S01]: Base table or view already exists: 1050 Table 'migrations' already exists (Connection: mysql, SQL: create table `migrations` (`id` int unsigned not null auto_increment primary key, `migration` varchar(255) not null, `batch` int not null) default character set utf8mb4 collate 'utf8mb4_unicode_ci') at /home/samthegreat/Desktop/Projects/SeniorLink/seniorlink-api/vendor/illuminate/database/Connection.php:829)
[stacktrace]
#0 /home/samthegreat/Desktop/Projects/SeniorLink/seniorlink-api/vendor/illuminate/database/Connection.php(783): Illuminate\\Database\\Connection->runQueryCallback()
#1 /home/samthegreat/Desktop/Projects/SeniorLink/seniorlink-api/vendor/illuminate/database/Connection.php(576): Illuminate\\Database\\Connection->run()
#2 /home/samthegreat/Desktop/Projects/SeniorLink/seniorlink-api/vendor/illuminate/database/Schema/Blueprint.php(110): Illuminate\\Database\\Connection->statement()
#3 /home/samthegreat/Desktop/Projects/SeniorLink/seniorlink-api/vendor/illuminate/database/Schema/Builder.php(602): Illuminate\\Database\\Schema\\Blueprint->build()
#4 /home/samthegreat/Desktop/Projects/SeniorLink/seniorlink-api/vendor/illuminate/database/Schema/Builder.php(456): Illuminate\\Database\\Schema\\Builder->build()
#5 /home/samthegreat/Desktop/Projects/SeniorLink/seniorlink-api/vendor/illuminate/database/Migrations/DatabaseMigrationRepository.php(165): Illuminate\\Database\\Schema\\Builder->create()
#6 /home/samthegreat/Desktop/Projects/SeniorLink/seniorlink-api/vendor/illuminate/database/Console/Migrations/InstallCommand.php(54): Illuminate\\Database\\Migrations\\DatabaseMigrationRepository->createRepository()
#7 /home/samthegreat/Desktop/Projects/SeniorLink/seniorlink-api/vendor/illuminate/container/BoundMethod.php(36): Illuminate\\Database\\Console\\Migrations\\InstallCommand->handle()
#8 /home/samthegreat/Desktop/Projects/SeniorLink/seniorlink-api/vendor/illuminate/container/Util.php(41): Illuminate\\Container\\BoundMethod::Illuminate\\Container\\{closure}()
#9 /home/samthegreat/Desktop/Projects/SeniorLink/seniorlink-api/vendor/illuminate/container/BoundMethod.php(93): Illuminate\\Container\\Util::unwrapIfClosure()
#10 /home/samthegreat/Desktop/Projects/SeniorLink/seniorlink-api/vendor/illuminate/container/BoundMethod.php(35): Illuminate\\Container\\BoundMethod::callBoundMethod()
#11 /home/samthegreat/Desktop/Projects/SeniorLink/seniorlink-api/vendor/illuminate/container/Container.php(662): Illuminate\\Container\\BoundMethod::call()
#12 /home/samthegreat/Desktop/Projects/SeniorLink/seniorlink-api/vendor/illuminate/console/Command.php(211): Illuminate\\Container\\Container->call()
#13 /home/samthegreat/Desktop/Projects/SeniorLink/seniorlink-api/vendor/symfony/console/Command/Command.php(326): Illuminate\\Console\\Command->execute()
#14 /home/samthegreat/Desktop/Projects/SeniorLink/seniorlink-api/vendor/illuminate/console/Command.php(180): Symfony\\Component\\Console\\Command\\Command->run()
#15 /home/samthegreat/Desktop/Projects/SeniorLink/seniorlink-api/vendor/symfony/console/Application.php(1078): Illuminate\\Console\\Command->run()
#16 /home/samthegreat/Desktop/Projects/SeniorLink/seniorlink-api/vendor/symfony/console/Application.php(324): Symfony\\Component\\Console\\Application->doRunCommand()
#17 /home/samthegreat/Desktop/Projects/SeniorLink/seniorlink-api/vendor/symfony/console/Application.php(175): Symfony\\Component\\Console\\Application->doRun()
#18 /home/samthegreat/Desktop/Projects/SeniorLink/seniorlink-api/vendor/laravel/lumen-framework/src/Console/Kernel.php(160): Symfony\\Component\\Console\\Application->run()
#19 /home/samthegreat/Desktop/Projects/SeniorLink/seniorlink-api/artisan(35): Laravel\\Lumen\\Console\\Kernel->handle()
#20 {main}

[previous exception] [object] (PDOException(code: 42S01): SQLSTATE[42S01]: Base table or view already exists: 1050 Table 'migrations' already exists at /home/samthegreat/Desktop/Projects/SeniorLink/seniorlink-api/vendor/illuminate/database/Connection.php:587)
[stacktrace]
#0 /home/samthegreat/Desktop/Projects/SeniorLink/seniorlink-api/vendor/illuminate/database/Connection.php(587): PDOStatement->execute()
#1 /home/samthegreat/Desktop/Projects/SeniorLink/seniorlink-api/vendor/illuminate/database/Connection.php(816): Illuminate\\Database\\Connection->Illuminate\\Database\\{closure}()
#2 /home/samthegreat/Desktop/Projects/SeniorLink/seniorlink-api/vendor/illuminate/database/Connection.php(783): Illuminate\\Database\\Connection->runQueryCallback()
#3 /home/samthegreat/Desktop/Projects/SeniorLink/seniorlink-api/vendor/illuminate/database/Connection.php(576): Illuminate\\Database\\Connection->run()
#4 /home/samthegreat/Desktop/Projects/SeniorLink/seniorlink-api/vendor/illuminate/database/Schema/Blueprint.php(110): Illuminate\\Database\\Connection->statement()
#5 /home/samthegreat/Desktop/Projects/SeniorLink/seniorlink-api/vendor/illuminate/database/Schema/Builder.php(602): Illuminate\\Database\\Schema\\Blueprint->build()
#6 /home/samthegreat/Desktop/Projects/SeniorLink/seniorlink-api/vendor/illuminate/database/Schema/Builder.php(456): Illuminate\\Database\\Schema\\Builder->build()
#7 /home/samthegreat/Desktop/Projects/SeniorLink/seniorlink-api/vendor/illuminate/database/Migrations/DatabaseMigrationRepository.php(165): Illuminate\\Database\\Schema\\Builder->create()
#8 /home/samthegreat/Desktop/Projects/SeniorLink/seniorlink-api/vendor/illuminate/database/Console/Migrations/InstallCommand.php(54): Illuminate\\Database\\Migrations\\DatabaseMigrationRepository->createRepository()
#9 /home/samthegreat/Desktop/Projects/SeniorLink/seniorlink-api/vendor/illuminate/container/BoundMethod.php(36): Illuminate\\Database\\Console\\Migrations\\InstallCommand->handle()
#10 /home/samthegreat/Desktop/Projects/SeniorLink/seniorlink-api/vendor/illuminate/container/Util.php(41): Illuminate\\Container\\BoundMethod::Illuminate\\Container\\{closure}()
#11 /home/samthegreat/Desktop/Projects/SeniorLink/seniorlink-api/vendor/illuminate/container/BoundMethod.php(93): Illuminate\\Container\\Util::unwrapIfClosure()
#12 /home/samthegreat/Desktop/Projects/SeniorLink/seniorlink-api/vendor/illuminate/container/BoundMethod.php(35): Illuminate\\Container\\BoundMethod::callBoundMethod()
#13 /home/samthegreat/Desktop/Projects/SeniorLink/seniorlink-api/vendor/illuminate/container/Container.php(662): Illuminate\\Container\\BoundMethod::call()
#14 /home/samthegreat/Desktop/Projects/SeniorLink/seniorlink-api/vendor/illuminate/console/Command.php(211): Illuminate\\Container\\Container->call()
#15 /home/samthegreat/Desktop/Projects/SeniorLink/seniorlink-api/vendor/symfony/console/Command/Command.php(326): Illuminate\\Console\\Command->execute()
#16 /home/samthegreat/Desktop/Projects/SeniorLink/seniorlink-api/vendor/illuminate/console/Command.php(180): Symfony\\Component\\Console\\Command\\Command->run()
#17 /home/samthegreat/Desktop/Projects/SeniorLink/seniorlink-api/vendor/symfony/console/Application.php(1078): Illuminate\\Console\\Command->run()
#18 /home/samthegreat/Desktop/Projects/SeniorLink/seniorlink-api/vendor/symfony/console/Application.php(324): Symfony\\Component\\Console\\Application->doRunCommand()
#19 /home/samthegreat/Desktop/Projects/SeniorLink/seniorlink-api/vendor/symfony/console/Application.php(175): Symfony\\Component\\Console\\Application->doRun()
#20 /home/samthegreat/Desktop/Projects/SeniorLink/seniorlink-api/vendor/laravel/lumen-framework/src/Console/Kernel.php(160): Symfony\\Component\\Console\\Application->run()
#21 /home/samthegreat/Desktop/Projects/SeniorLink/seniorlink-api/artisan(35): Laravel\\Lumen\\Console\\Kernel->handle()
#22 {main}
"} 
